mode: atomic
github.com/sagaxyz/saga-sdk/x/transferrouter/genesis.go:13.100,14.55 1 0
github.com/sagaxyz/saga-sdk/x/transferrouter/genesis.go:14.55,15.68 1 0
github.com/sagaxyz/saga-sdk/x/transferrouter/genesis.go:18.2,18.33 1 0
github.com/sagaxyz/saga-sdk/x/transferrouter/genesis.go:22.74,24.16 2 0
github.com/sagaxyz/saga-sdk/x/transferrouter/genesis.go:24.16,25.68 1 0
github.com/sagaxyz/saga-sdk/x/transferrouter/genesis.go:28.2,30.3 1 0
github.com/sagaxyz/saga-sdk/x/transferrouter/module.go:39.37,39.64 1 0
github.com/sagaxyz/saga-sdk/x/transferrouter/module.go:42.72,44.2 1 0
github.com/sagaxyz/saga-sdk/x/transferrouter/module.go:47.49,47.61 1 0
github.com/sagaxyz/saga-sdk/x/transferrouter/module.go:50.75,52.2 1 0
github.com/sagaxyz/saga-sdk/x/transferrouter/module.go:55.113,57.51 2 0
github.com/sagaxyz/saga-sdk/x/transferrouter/module.go:57.51,59.3 1 0
github.com/sagaxyz/saga-sdk/x/transferrouter/module.go:60.2,60.22 1 0
github.com/sagaxyz/saga-sdk/x/transferrouter/module.go:64.76,64.77 0 0
github.com/sagaxyz/saga-sdk/x/transferrouter/module.go:67.89,67.90 0 0
github.com/sagaxyz/saga-sdk/x/transferrouter/module.go:70.49,70.63 1 0
github.com/sagaxyz/saga-sdk/x/transferrouter/module.go:73.52,73.66 1 0
github.com/sagaxyz/saga-sdk/x/transferrouter/module.go:76.81,78.2 1 0
github.com/sagaxyz/saga-sdk/x/transferrouter/module.go:89.43,89.44 0 0
github.com/sagaxyz/saga-sdk/x/transferrouter/module.go:90.43,90.44 0 0
github.com/sagaxyz/saga-sdk/x/transferrouter/module.go:93.46,98.2 1 0
github.com/sagaxyz/saga-sdk/x/transferrouter/module.go:101.66,101.67 0 0
github.com/sagaxyz/saga-sdk/x/transferrouter/module.go:104.62,104.63 0 0
github.com/sagaxyz/saga-sdk/x/transferrouter/module.go:107.116,111.2 3 0
github.com/sagaxyz/saga-sdk/x/transferrouter/module.go:114.89,117.2 2 0
github.com/sagaxyz/saga-sdk/x/transferrouter/module.go:120.48,120.49 0 0
github.com/sagaxyz/saga-sdk/x/transferrouter/module.go:123.83,125.2 1 0
github.com/sagaxyz/saga-sdk/x/transferrouter/module.go:128.67,128.68 0 0
github.com/sagaxyz/saga-sdk/x/transferrouter/module.go:131.95,133.2 1 0
github.com/sagaxyz/saga-sdk/x/transferrouter/precompiles/callback/abi.go:17.13,20.16 3 0
github.com/sagaxyz/saga-sdk/x/transferrouter/precompiles/callback/abi.go:20.16,21.13 1 0
github.com/sagaxyz/saga-sdk/x/transferrouter/precompiles/callback/abi.go:25.33,27.16 2 0
github.com/sagaxyz/saga-sdk/x/transferrouter/precompiles/callback/abi.go:27.16,29.3 1 0
github.com/sagaxyz/saga-sdk/x/transferrouter/precompiles/callback/abi.go:31.2,31.20 1 0
github.com/sagaxyz/saga-sdk/x/transferrouter/types/codec.go:10.58,10.59 0 0
github.com/sagaxyz/saga-sdk/x/transferrouter/types/codec.go:13.54,13.55 0 0
github.com/sagaxyz/saga-sdk/x/transferrouter/types/genesis.go:4.42,12.2 1 0
github.com/sagaxyz/saga-sdk/x/transferrouter/types/genesis.go:15.51,17.2 1 0
github.com/sagaxyz/saga-sdk/x/transferrouter/types/genesis.go:20.41,22.2 1 0
github.com/sagaxyz/saga-sdk/x/transferrouter/types/genesis.pb.go:32.40,32.63 1 0
github.com/sagaxyz/saga-sdk/x/transferrouter/types/genesis.pb.go:33.40,33.77 1 0
github.com/sagaxyz/saga-sdk/x/transferrouter/types/genesis.pb.go:34.41,34.42 0 0
github.com/sagaxyz/saga-sdk/x/transferrouter/types/genesis.pb.go:35.51,37.2 1 0
github.com/sagaxyz/saga-sdk/x/transferrouter/types/genesis.pb.go:38.54,40.2 1 0
github.com/sagaxyz/saga-sdk/x/transferrouter/types/genesis.pb.go:41.82,42.19 1 0
github.com/sagaxyz/saga-sdk/x/transferrouter/types/genesis.pb.go:42.19,44.3 1 0
github.com/sagaxyz/saga-sdk/x/transferrouter/types/genesis.pb.go:44.8,47.17 3 0
github.com/sagaxyz/saga-sdk/x/transferrouter/types/genesis.pb.go:47.17,49.4 1 0
github.com/sagaxyz/saga-sdk/x/transferrouter/types/genesis.pb.go:50.3,50.20 1 0
github.com/sagaxyz/saga-sdk/x/transferrouter/types/genesis.pb.go:53.53,55.2 1 0
github.com/sagaxyz/saga-sdk/x/transferrouter/types/genesis.pb.go:56.39,58.2 1 0
github.com/sagaxyz/saga-sdk/x/transferrouter/types/genesis.pb.go:59.45,61.2 1 0
github.com/sagaxyz/saga-sdk/x/transferrouter/types/genesis.pb.go:65.43,66.14 1 0
github.com/sagaxyz/saga-sdk/x/transferrouter/types/genesis.pb.go:66.14,68.3 1 0
github.com/sagaxyz/saga-sdk/x/transferrouter/types/genesis.pb.go:69.2,69.17 1 0
github.com/sagaxyz/saga-sdk/x/transferrouter/types/genesis.pb.go:72.13,74.2 1 0
github.com/sagaxyz/saga-sdk/x/transferrouter/types/genesis.pb.go:76.13,78.2 1 0
github.com/sagaxyz/saga-sdk/x/transferrouter/types/genesis.pb.go:97.59,101.16 4 0
github.com/sagaxyz/saga-sdk/x/transferrouter/types/genesis.pb.go:101.16,103.3 1 0
github.com/sagaxyz/saga-sdk/x/transferrouter/types/genesis.pb.go:104.2,104.22 1 0
github.com/sagaxyz/saga-sdk/x/transferrouter/types/genesis.pb.go:107.60,110.2 2 0
github.com/sagaxyz/saga-sdk/x/transferrouter/types/genesis.pb.go:112.71,117.2 5 0
github.com/sagaxyz/saga-sdk/x/transferrouter/types/genesis.pb.go:117.2,119.17 2 0
github.com/sagaxyz/saga-sdk/x/transferrouter/types/genesis.pb.go:119.17,121.4 1 0
github.com/sagaxyz/saga-sdk/x/transferrouter/types/genesis.pb.go:122.3,123.49 2 0
github.com/sagaxyz/saga-sdk/x/transferrouter/types/genesis.pb.go:125.2,127.27 3 0
github.com/sagaxyz/saga-sdk/x/transferrouter/types/genesis.pb.go:130.65,133.16 3 0
github.com/sagaxyz/saga-sdk/x/transferrouter/types/genesis.pb.go:133.16,137.3 3 0
github.com/sagaxyz/saga-sdk/x/transferrouter/types/genesis.pb.go:138.2,139.13 2 0
github.com/sagaxyz/saga-sdk/x/transferrouter/types/genesis.pb.go:141.39,142.14 1 0
github.com/sagaxyz/saga-sdk/x/transferrouter/types/genesis.pb.go:142.14,144.3 1 0
github.com/sagaxyz/saga-sdk/x/transferrouter/types/genesis.pb.go:145.2,149.10 5 0
github.com/sagaxyz/saga-sdk/x/transferrouter/types/genesis.pb.go:152.35,154.2 1 0
github.com/sagaxyz/saga-sdk/x/transferrouter/types/genesis.pb.go:155.35,157.2 1 0
github.com/sagaxyz/saga-sdk/x/transferrouter/types/genesis.pb.go:158.53,161.16 3 0
github.com/sagaxyz/saga-sdk/x/transferrouter/types/genesis.pb.go:161.16,164.38 3 0
github.com/sagaxyz/saga-sdk/x/transferrouter/types/genesis.pb.go:164.38,165.19 1 0
github.com/sagaxyz/saga-sdk/x/transferrouter/types/genesis.pb.go:165.19,167.5 1 0
github.com/sagaxyz/saga-sdk/x/transferrouter/types/genesis.pb.go:168.4,168.18 1 0
github.com/sagaxyz/saga-sdk/x/transferrouter/types/genesis.pb.go:168.18,170.5 1 0
github.com/sagaxyz/saga-sdk/x/transferrouter/types/genesis.pb.go:171.4,174.16 4 0
github.com/sagaxyz/saga-sdk/x/transferrouter/types/genesis.pb.go:174.16,175.10 1 0
github.com/sagaxyz/saga-sdk/x/transferrouter/types/genesis.pb.go:178.3,180.20 3 0
github.com/sagaxyz/saga-sdk/x/transferrouter/types/genesis.pb.go:180.20,182.4 1 0
github.com/sagaxyz/saga-sdk/x/transferrouter/types/genesis.pb.go:183.3,183.20 1 0
github.com/sagaxyz/saga-sdk/x/transferrouter/types/genesis.pb.go:183.20,185.4 1 0
github.com/sagaxyz/saga-sdk/x/transferrouter/types/genesis.pb.go:186.3,186.19 1 0
github.com/sagaxyz/saga-sdk/x/transferrouter/types/genesis.pb.go:187.10,188.21 1 0
github.com/sagaxyz/saga-sdk/x/transferrouter/types/genesis.pb.go:188.21,190.5 1 0
github.com/sagaxyz/saga-sdk/x/transferrouter/types/genesis.pb.go:191.4,192.39 2 0
github.com/sagaxyz/saga-sdk/x/transferrouter/types/genesis.pb.go:192.39,193.20 1 0
github.com/sagaxyz/saga-sdk/x/transferrouter/types/genesis.pb.go:193.20,195.6 1 0
github.com/sagaxyz/saga-sdk/x/transferrouter/types/genesis.pb.go:196.5,196.19 1 0
github.com/sagaxyz/saga-sdk/x/transferrouter/types/genesis.pb.go:196.19,198.6 1 0
github.com/sagaxyz/saga-sdk/x/transferrouter/types/genesis.pb.go:199.5,202.17 4 0
github.com/sagaxyz/saga-sdk/x/transferrouter/types/genesis.pb.go:202.17,203.11 1 0
github.com/sagaxyz/saga-sdk/x/transferrouter/types/genesis.pb.go:206.4,206.18 1 0
github.com/sagaxyz/saga-sdk/x/transferrouter/types/genesis.pb.go:206.18,208.5 1 0
github.com/sagaxyz/saga-sdk/x/transferrouter/types/genesis.pb.go:209.4,210.21 2 0
github.com/sagaxyz/saga-sdk/x/transferrouter/types/genesis.pb.go:210.21,212.5 1 0
github.com/sagaxyz/saga-sdk/x/transferrouter/types/genesis.pb.go:213.4,213.21 1 0
github.com/sagaxyz/saga-sdk/x/transferrouter/types/genesis.pb.go:213.21,215.5 1 0
github.com/sagaxyz/saga-sdk/x/transferrouter/types/genesis.pb.go:216.4,216.68 1 0
github.com/sagaxyz/saga-sdk/x/transferrouter/types/genesis.pb.go:216.68,218.5 1 0
github.com/sagaxyz/saga-sdk/x/transferrouter/types/genesis.pb.go:219.4,219.21 1 0
github.com/sagaxyz/saga-sdk/x/transferrouter/types/genesis.pb.go:220.11,223.18 3 0
github.com/sagaxyz/saga-sdk/x/transferrouter/types/genesis.pb.go:223.18,225.5 1 0
github.com/sagaxyz/saga-sdk/x/transferrouter/types/genesis.pb.go:226.4,226.42 1 0
github.com/sagaxyz/saga-sdk/x/transferrouter/types/genesis.pb.go:226.42,228.5 1 0
github.com/sagaxyz/saga-sdk/x/transferrouter/types/genesis.pb.go:229.4,229.28 1 0
github.com/sagaxyz/saga-sdk/x/transferrouter/types/genesis.pb.go:229.28,231.5 1 0
github.com/sagaxyz/saga-sdk/x/transferrouter/types/genesis.pb.go:232.4,232.19 1 0
github.com/sagaxyz/saga-sdk/x/transferrouter/types/genesis.pb.go:236.2,236.15 1 0
github.com/sagaxyz/saga-sdk/x/transferrouter/types/genesis.pb.go:236.15,238.3 1 0
github.com/sagaxyz/saga-sdk/x/transferrouter/types/genesis.pb.go:239.2,239.12 1 0
github.com/sagaxyz/saga-sdk/x/transferrouter/types/genesis.pb.go:241.50,245.16 4 0
github.com/sagaxyz/saga-sdk/x/transferrouter/types/genesis.pb.go:245.16,247.38 2 0
github.com/sagaxyz/saga-sdk/x/transferrouter/types/genesis.pb.go:247.38,248.19 1 0
github.com/sagaxyz/saga-sdk/x/transferrouter/types/genesis.pb.go:248.19,250.5 1 0
github.com/sagaxyz/saga-sdk/x/transferrouter/types/genesis.pb.go:251.4,251.18 1 0
github.com/sagaxyz/saga-sdk/x/transferrouter/types/genesis.pb.go:251.18,253.5 1 0
github.com/sagaxyz/saga-sdk/x/transferrouter/types/genesis.pb.go:254.4,257.16 4 0
github.com/sagaxyz/saga-sdk/x/transferrouter/types/genesis.pb.go:257.16,258.10 1 0
github.com/sagaxyz/saga-sdk/x/transferrouter/types/genesis.pb.go:261.3,262.19 2 0
github.com/sagaxyz/saga-sdk/x/transferrouter/types/genesis.pb.go:263.10,264.39 1 0
github.com/sagaxyz/saga-sdk/x/transferrouter/types/genesis.pb.go:264.39,265.20 1 0
github.com/sagaxyz/saga-sdk/x/transferrouter/types/genesis.pb.go:265.20,267.6 1 0
github.com/sagaxyz/saga-sdk/x/transferrouter/types/genesis.pb.go:268.5,268.19 1 0
github.com/sagaxyz/saga-sdk/x/transferrouter/types/genesis.pb.go:268.19,270.6 1 0
github.com/sagaxyz/saga-sdk/x/transferrouter/types/genesis.pb.go:271.5,272.29 2 0
github.com/sagaxyz/saga-sdk/x/transferrouter/types/genesis.pb.go:272.29,273.11 1 0
github.com/sagaxyz/saga-sdk/x/transferrouter/types/genesis.pb.go:276.10,277.14 1 0
github.com/sagaxyz/saga-sdk/x/transferrouter/types/genesis.pb.go:278.10,280.39 2 0
github.com/sagaxyz/saga-sdk/x/transferrouter/types/genesis.pb.go:280.39,281.20 1 0
github.com/sagaxyz/saga-sdk/x/transferrouter/types/genesis.pb.go:281.20,283.6 1 0
github.com/sagaxyz/saga-sdk/x/transferrouter/types/genesis.pb.go:284.5,284.19 1 0
github.com/sagaxyz/saga-sdk/x/transferrouter/types/genesis.pb.go:284.19,286.6 1 0
github.com/sagaxyz/saga-sdk/x/transferrouter/types/genesis.pb.go:287.5,290.17 4 0
github.com/sagaxyz/saga-sdk/x/transferrouter/types/genesis.pb.go:290.17,291.11 1 0
github.com/sagaxyz/saga-sdk/x/transferrouter/types/genesis.pb.go:294.4,294.18 1 0
github.com/sagaxyz/saga-sdk/x/transferrouter/types/genesis.pb.go:294.18,296.5 1 0
github.com/sagaxyz/saga-sdk/x/transferrouter/types/genesis.pb.go:297.4,297.19 1 0
github.com/sagaxyz/saga-sdk/x/transferrouter/types/genesis.pb.go:298.10,299.11 1 0
github.com/sagaxyz/saga-sdk/x/transferrouter/types/genesis.pb.go:300.10,301.18 1 0
github.com/sagaxyz/saga-sdk/x/transferrouter/types/genesis.pb.go:301.18,303.5 1 0
github.com/sagaxyz/saga-sdk/x/transferrouter/types/genesis.pb.go:304.4,304.11 1 0
github.com/sagaxyz/saga-sdk/x/transferrouter/types/genesis.pb.go:305.10,306.14 1 0
github.com/sagaxyz/saga-sdk/x/transferrouter/types/genesis.pb.go:307.11,308.64 1 0
github.com/sagaxyz/saga-sdk/x/transferrouter/types/genesis.pb.go:310.3,310.16 1 0
github.com/sagaxyz/saga-sdk/x/transferrouter/types/genesis.pb.go:310.16,312.4 1 0
github.com/sagaxyz/saga-sdk/x/transferrouter/types/genesis.pb.go:313.3,313.17 1 0
github.com/sagaxyz/saga-sdk/x/transferrouter/types/genesis.pb.go:313.17,315.4 1 0
github.com/sagaxyz/saga-sdk/x/transferrouter/types/genesis.pb.go:317.2,317.31 1 0
github.com/sagaxyz/saga-sdk/x/transferrouter/types/query.pb.go:36.46,36.75 1 0
github.com/sagaxyz/saga-sdk/x/transferrouter/types/query.pb.go:37.46,37.83 1 0
github.com/sagaxyz/saga-sdk/x/transferrouter/types/query.pb.go:38.47,38.48 0 0
github.com/sagaxyz/saga-sdk/x/transferrouter/types/query.pb.go:39.57,41.2 1 0
github.com/sagaxyz/saga-sdk/x/transferrouter/types/query.pb.go:42.60,44.2 1 0
github.com/sagaxyz/saga-sdk/x/transferrouter/types/query.pb.go:45.88,46.19 1 0
github.com/sagaxyz/saga-sdk/x/transferrouter/types/query.pb.go:46.19,48.3 1 0
github.com/sagaxyz/saga-sdk/x/transferrouter/types/query.pb.go:48.8,51.17 3 0
github.com/sagaxyz/saga-sdk/x/transferrouter/types/query.pb.go:51.17,53.4 1 0
github.com/sagaxyz/saga-sdk/x/transferrouter/types/query.pb.go:54.3,54.20 1 0
github.com/sagaxyz/saga-sdk/x/transferrouter/types/query.pb.go:57.59,59.2 1 0
github.com/sagaxyz/saga-sdk/x/transferrouter/types/query.pb.go:60.45,62.2 1 0
github.com/sagaxyz/saga-sdk/x/transferrouter/types/query.pb.go:63.51,65.2 1 0
github.com/sagaxyz/saga-sdk/x/transferrouter/types/query.pb.go:75.47,75.77 1 0
github.com/sagaxyz/saga-sdk/x/transferrouter/types/query.pb.go:76.47,76.84 1 0
github.com/sagaxyz/saga-sdk/x/transferrouter/types/query.pb.go:77.48,77.49 0 0
github.com/sagaxyz/saga-sdk/x/transferrouter/types/query.pb.go:78.58,80.2 1 0
github.com/sagaxyz/saga-sdk/x/transferrouter/types/query.pb.go:81.61,83.2 1 0
github.com/sagaxyz/saga-sdk/x/transferrouter/types/query.pb.go:84.89,85.19 1 0
github.com/sagaxyz/saga-sdk/x/transferrouter/types/query.pb.go:85.19,87.3 1 0
github.com/sagaxyz/saga-sdk/x/transferrouter/types/query.pb.go:87.8,90.17 3 0
github.com/sagaxyz/saga-sdk/x/transferrouter/types/query.pb.go:90.17,92.4 1 0
github.com/sagaxyz/saga-sdk/x/transferrouter/types/query.pb.go:93.3,93.20 1 0
github.com/sagaxyz/saga-sdk/x/transferrouter/types/query.pb.go:96.60,98.2 1 0
github.com/sagaxyz/saga-sdk/x/transferrouter/types/query.pb.go:99.46,101.2 1 0
github.com/sagaxyz/saga-sdk/x/transferrouter/types/query.pb.go:102.52,104.2 1 0
github.com/sagaxyz/saga-sdk/x/transferrouter/types/query.pb.go:108.50,109.14 1 0
github.com/sagaxyz/saga-sdk/x/transferrouter/types/query.pb.go:109.14,111.3 1 0
github.com/sagaxyz/saga-sdk/x/transferrouter/types/query.pb.go:112.2,112.17 1 0
github.com/sagaxyz/saga-sdk/x/transferrouter/types/query.pb.go:115.13,118.2 2 0
github.com/sagaxyz/saga-sdk/x/transferrouter/types/query.pb.go:120.13,122.2 1 0
github.com/sagaxyz/saga-sdk/x/transferrouter/types/query.pb.go:166.54,168.2 1 0
github.com/sagaxyz/saga-sdk/x/transferrouter/types/query.pb.go:170.130,173.16 3 0
github.com/sagaxyz/saga-sdk/x/transferrouter/types/query.pb.go:173.16,175.3 1 0
github.com/sagaxyz/saga-sdk/x/transferrouter/types/query.pb.go:176.2,176.17 1 0
github.com/sagaxyz/saga-sdk/x/transferrouter/types/query.pb.go:189.117,191.2 1 0
github.com/sagaxyz/saga-sdk/x/transferrouter/types/query.pb.go:193.59,195.2 1 0
github.com/sagaxyz/saga-sdk/x/transferrouter/types/query.pb.go:197.157,199.32 2 0
github.com/sagaxyz/saga-sdk/x/transferrouter/types/query.pb.go:199.32,201.3 1 0
github.com/sagaxyz/saga-sdk/x/transferrouter/types/query.pb.go:202.2,202.24 1 0
github.com/sagaxyz/saga-sdk/x/transferrouter/types/query.pb.go:202.24,204.3 1 0
github.com/sagaxyz/saga-sdk/x/transferrouter/types/query.pb.go:205.2,209.77 2 0
github.com/sagaxyz/saga-sdk/x/transferrouter/types/query.pb.go:209.77,211.3 1 0
github.com/sagaxyz/saga-sdk/x/transferrouter/types/query.pb.go:212.2,212.44 1 0
github.com/sagaxyz/saga-sdk/x/transferrouter/types/query.pb.go:228.65,232.16 4 0
github.com/sagaxyz/saga-sdk/x/transferrouter/types/query.pb.go:232.16,234.3 1 0
github.com/sagaxyz/saga-sdk/x/transferrouter/types/query.pb.go:235.2,235.22 1 0
github.com/sagaxyz/saga-sdk/x/transferrouter/types/query.pb.go:238.66,241.2 2 0
github.com/sagaxyz/saga-sdk/x/transferrouter/types/query.pb.go:243.77,249.2 5 0
github.com/sagaxyz/saga-sdk/x/transferrouter/types/query.pb.go:251.66,255.16 4 0
github.com/sagaxyz/saga-sdk/x/transferrouter/types/query.pb.go:255.16,257.3 1 0
github.com/sagaxyz/saga-sdk/x/transferrouter/types/query.pb.go:258.2,258.22 1 0
github.com/sagaxyz/saga-sdk/x/transferrouter/types/query.pb.go:261.67,264.2 2 0
github.com/sagaxyz/saga-sdk/x/transferrouter/types/query.pb.go:266.78,271.2 5 0
github.com/sagaxyz/saga-sdk/x/transferrouter/types/query.pb.go:271.2,273.17 2 0
github.com/sagaxyz/saga-sdk/x/transferrouter/types/query.pb.go:273.17,275.4 1 0
github.com/sagaxyz/saga-sdk/x/transferrouter/types/query.pb.go:276.3,277.47 2 0
github.com/sagaxyz/saga-sdk/x/transferrouter/types/query.pb.go:279.2,281.27 3 0
github.com/sagaxyz/saga-sdk/x/transferrouter/types/query.pb.go:284.63,287.16 3 0
github.com/sagaxyz/saga-sdk/x/transferrouter/types/query.pb.go:287.16,291.3 3 0
github.com/sagaxyz/saga-sdk/x/transferrouter/types/query.pb.go:292.2,293.13 2 0
github.com/sagaxyz/saga-sdk/x/transferrouter/types/query.pb.go:295.45,296.14 1 0
github.com/sagaxyz/saga-sdk/x/transferrouter/types/query.pb.go:296.14,298.3 1 0
github.com/sagaxyz/saga-sdk/x/transferrouter/types/query.pb.go:299.2,301.10 3 0
github.com/sagaxyz/saga-sdk/x/transferrouter/types/query.pb.go:304.46,305.14 1 0
github.com/sagaxyz/saga-sdk/x/transferrouter/types/query.pb.go:305.14,307.3 1 0
github.com/sagaxyz/saga-sdk/x/transferrouter/types/query.pb.go:308.2,312.10 5 0
github.com/sagaxyz/saga-sdk/x/transferrouter/types/query.pb.go:315.33,317.2 1 0
github.com/sagaxyz/saga-sdk/x/transferrouter/types/query.pb.go:318.33,320.2 1 0
github.com/sagaxyz/saga-sdk/x/transferrouter/types/query.pb.go:321.59,324.16 3 0
github.com/sagaxyz/saga-sdk/x/transferrouter/types/query.pb.go:324.16,327.38 3 0
github.com/sagaxyz/saga-sdk/x/transferrouter/types/query.pb.go:327.38,328.19 1 0
github.com/sagaxyz/saga-sdk/x/transferrouter/types/query.pb.go:328.19,330.5 1 0
github.com/sagaxyz/saga-sdk/x/transferrouter/types/query.pb.go:331.4,331.18 1 0
github.com/sagaxyz/saga-sdk/x/transferrouter/types/query.pb.go:331.18,333.5 1 0
github.com/sagaxyz/saga-sdk/x/transferrouter/types/query.pb.go:334.4,337.16 4 0
github.com/sagaxyz/saga-sdk/x/transferrouter/types/query.pb.go:337.16,338.10 1 0
github.com/sagaxyz/saga-sdk/x/transferrouter/types/query.pb.go:341.3,343.20 3 0
github.com/sagaxyz/saga-sdk/x/transferrouter/types/query.pb.go:343.20,345.4 1 0
github.com/sagaxyz/saga-sdk/x/transferrouter/types/query.pb.go:346.3,346.20 1 0
github.com/sagaxyz/saga-sdk/x/transferrouter/types/query.pb.go:346.20,348.4 1 0
github.com/sagaxyz/saga-sdk/x/transferrouter/types/query.pb.go:349.3,349.19 1 0
github.com/sagaxyz/saga-sdk/x/transferrouter/types/query.pb.go:350.11,353.18 3 0
github.com/sagaxyz/saga-sdk/x/transferrouter/types/query.pb.go:353.18,355.5 1 0
github.com/sagaxyz/saga-sdk/x/transferrouter/types/query.pb.go:356.4,356.42 1 0
github.com/sagaxyz/saga-sdk/x/transferrouter/types/query.pb.go:356.42,358.5 1 0
github.com/sagaxyz/saga-sdk/x/transferrouter/types/query.pb.go:359.4,359.28 1 0
github.com/sagaxyz/saga-sdk/x/transferrouter/types/query.pb.go:359.28,361.5 1 0
github.com/sagaxyz/saga-sdk/x/transferrouter/types/query.pb.go:362.4,362.19 1 0
github.com/sagaxyz/saga-sdk/x/transferrouter/types/query.pb.go:366.2,366.15 1 0
github.com/sagaxyz/saga-sdk/x/transferrouter/types/query.pb.go:366.15,368.3 1 0
github.com/sagaxyz/saga-sdk/x/transferrouter/types/query.pb.go:369.2,369.12 1 0
github.com/sagaxyz/saga-sdk/x/transferrouter/types/query.pb.go:371.60,374.16 3 0
github.com/sagaxyz/saga-sdk/x/transferrouter/types/query.pb.go:374.16,377.38 3 0
github.com/sagaxyz/saga-sdk/x/transferrouter/types/query.pb.go:377.38,378.19 1 0
github.com/sagaxyz/saga-sdk/x/transferrouter/types/query.pb.go:378.19,380.5 1 0
github.com/sagaxyz/saga-sdk/x/transferrouter/types/query.pb.go:381.4,381.18 1 0
github.com/sagaxyz/saga-sdk/x/transferrouter/types/query.pb.go:381.18,383.5 1 0
github.com/sagaxyz/saga-sdk/x/transferrouter/types/query.pb.go:384.4,387.16 4 0
github.com/sagaxyz/saga-sdk/x/transferrouter/types/query.pb.go:387.16,388.10 1 0
github.com/sagaxyz/saga-sdk/x/transferrouter/types/query.pb.go:391.3,393.20 3 0
github.com/sagaxyz/saga-sdk/x/transferrouter/types/query.pb.go:393.20,395.4 1 0
github.com/sagaxyz/saga-sdk/x/transferrouter/types/query.pb.go:396.3,396.20 1 0
github.com/sagaxyz/saga-sdk/x/transferrouter/types/query.pb.go:396.20,398.4 1 0
github.com/sagaxyz/saga-sdk/x/transferrouter/types/query.pb.go:399.3,399.19 1 0
github.com/sagaxyz/saga-sdk/x/transferrouter/types/query.pb.go:400.10,401.21 1 0
github.com/sagaxyz/saga-sdk/x/transferrouter/types/query.pb.go:401.21,403.5 1 0
github.com/sagaxyz/saga-sdk/x/transferrouter/types/query.pb.go:404.4,405.39 2 0
github.com/sagaxyz/saga-sdk/x/transferrouter/types/query.pb.go:405.39,406.20 1 0
github.com/sagaxyz/saga-sdk/x/transferrouter/types/query.pb.go:406.20,408.6 1 0
github.com/sagaxyz/saga-sdk/x/transferrouter/types/query.pb.go:409.5,409.19 1 0
github.com/sagaxyz/saga-sdk/x/transferrouter/types/query.pb.go:409.19,411.6 1 0
github.com/sagaxyz/saga-sdk/x/transferrouter/types/query.pb.go:412.5,415.17 4 0
github.com/sagaxyz/saga-sdk/x/transferrouter/types/query.pb.go:415.17,416.11 1 0
github.com/sagaxyz/saga-sdk/x/transferrouter/types/query.pb.go:419.4,419.18 1 0
github.com/sagaxyz/saga-sdk/x/transferrouter/types/query.pb.go:419.18,421.5 1 0
github.com/sagaxyz/saga-sdk/x/transferrouter/types/query.pb.go:422.4,423.21 2 0
github.com/sagaxyz/saga-sdk/x/transferrouter/types/query.pb.go:423.21,425.5 1 0
github.com/sagaxyz/saga-sdk/x/transferrouter/types/query.pb.go:426.4,426.21 1 0
github.com/sagaxyz/saga-sdk/x/transferrouter/types/query.pb.go:426.21,428.5 1 0
github.com/sagaxyz/saga-sdk/x/transferrouter/types/query.pb.go:429.4,429.68 1 0
github.com/sagaxyz/saga-sdk/x/transferrouter/types/query.pb.go:429.68,431.5 1 0
github.com/sagaxyz/saga-sdk/x/transferrouter/types/query.pb.go:432.4,432.21 1 0
github.com/sagaxyz/saga-sdk/x/transferrouter/types/query.pb.go:433.11,436.18 3 0
github.com/sagaxyz/saga-sdk/x/transferrouter/types/query.pb.go:436.18,438.5 1 0
github.com/sagaxyz/saga-sdk/x/transferrouter/types/query.pb.go:439.4,439.42 1 0
github.com/sagaxyz/saga-sdk/x/transferrouter/types/query.pb.go:439.42,441.5 1 0
github.com/sagaxyz/saga-sdk/x/transferrouter/types/query.pb.go:442.4,442.28 1 0
github.com/sagaxyz/saga-sdk/x/transferrouter/types/query.pb.go:442.28,444.5 1 0
github.com/sagaxyz/saga-sdk/x/transferrouter/types/query.pb.go:445.4,445.19 1 0
github.com/sagaxyz/saga-sdk/x/transferrouter/types/query.pb.go:449.2,449.15 1 0
github.com/sagaxyz/saga-sdk/x/transferrouter/types/query.pb.go:449.15,451.3 1 0
github.com/sagaxyz/saga-sdk/x/transferrouter/types/query.pb.go:452.2,452.12 1 0
github.com/sagaxyz/saga-sdk/x/transferrouter/types/query.pb.go:454.48,458.16 4 0
github.com/sagaxyz/saga-sdk/x/transferrouter/types/query.pb.go:458.16,460.38 2 0
github.com/sagaxyz/saga-sdk/x/transferrouter/types/query.pb.go:460.38,461.19 1 0
github.com/sagaxyz/saga-sdk/x/transferrouter/types/query.pb.go:461.19,463.5 1 0
github.com/sagaxyz/saga-sdk/x/transferrouter/types/query.pb.go:464.4,464.18 1 0
github.com/sagaxyz/saga-sdk/x/transferrouter/types/query.pb.go:464.18,466.5 1 0
github.com/sagaxyz/saga-sdk/x/transferrouter/types/query.pb.go:467.4,470.16 4 0
github.com/sagaxyz/saga-sdk/x/transferrouter/types/query.pb.go:470.16,471.10 1 0
github.com/sagaxyz/saga-sdk/x/transferrouter/types/query.pb.go:474.3,475.19 2 0
github.com/sagaxyz/saga-sdk/x/transferrouter/types/query.pb.go:476.10,477.39 1 0
github.com/sagaxyz/saga-sdk/x/transferrouter/types/query.pb.go:477.39,478.20 1 0
github.com/sagaxyz/saga-sdk/x/transferrouter/types/query.pb.go:478.20,480.6 1 0
github.com/sagaxyz/saga-sdk/x/transferrouter/types/query.pb.go:481.5,481.19 1 0
github.com/sagaxyz/saga-sdk/x/transferrouter/types/query.pb.go:481.19,483.6 1 0
github.com/sagaxyz/saga-sdk/x/transferrouter/types/query.pb.go:484.5,485.29 2 0
github.com/sagaxyz/saga-sdk/x/transferrouter/types/query.pb.go:485.29,486.11 1 0
github.com/sagaxyz/saga-sdk/x/transferrouter/types/query.pb.go:489.10,490.14 1 0
github.com/sagaxyz/saga-sdk/x/transferrouter/types/query.pb.go:491.10,493.39 2 0
github.com/sagaxyz/saga-sdk/x/transferrouter/types/query.pb.go:493.39,494.20 1 0
github.com/sagaxyz/saga-sdk/x/transferrouter/types/query.pb.go:494.20,496.6 1 0
github.com/sagaxyz/saga-sdk/x/transferrouter/types/query.pb.go:497.5,497.19 1 0
github.com/sagaxyz/saga-sdk/x/transferrouter/types/query.pb.go:497.19,499.6 1 0
github.com/sagaxyz/saga-sdk/x/transferrouter/types/query.pb.go:500.5,503.17 4 0
github.com/sagaxyz/saga-sdk/x/transferrouter/types/query.pb.go:503.17,504.11 1 0
github.com/sagaxyz/saga-sdk/x/transferrouter/types/query.pb.go:507.4,507.18 1 0
github.com/sagaxyz/saga-sdk/x/transferrouter/types/query.pb.go:507.18,509.5 1 0
github.com/sagaxyz/saga-sdk/x/transferrouter/types/query.pb.go:510.4,510.19 1 0
github.com/sagaxyz/saga-sdk/x/transferrouter/types/query.pb.go:511.10,512.11 1 0
github.com/sagaxyz/saga-sdk/x/transferrouter/types/query.pb.go:513.10,514.18 1 0
github.com/sagaxyz/saga-sdk/x/transferrouter/types/query.pb.go:514.18,516.5 1 0
github.com/sagaxyz/saga-sdk/x/transferrouter/types/query.pb.go:517.4,517.11 1 0
github.com/sagaxyz/saga-sdk/x/transferrouter/types/query.pb.go:518.10,519.14 1 0
github.com/sagaxyz/saga-sdk/x/transferrouter/types/query.pb.go:520.11,521.64 1 0
github.com/sagaxyz/saga-sdk/x/transferrouter/types/query.pb.go:523.3,523.16 1 0
github.com/sagaxyz/saga-sdk/x/transferrouter/types/query.pb.go:523.16,525.4 1 0
github.com/sagaxyz/saga-sdk/x/transferrouter/types/query.pb.go:526.3,526.17 1 0
github.com/sagaxyz/saga-sdk/x/transferrouter/types/query.pb.go:526.17,528.4 1 0
github.com/sagaxyz/saga-sdk/x/transferrouter/types/query.pb.go:530.2,530.31 1 0
github.com/sagaxyz/saga-sdk/x/transferrouter/types/query.pb.gw.go:36.195,43.2 4 0
github.com/sagaxyz/saga-sdk/x/transferrouter/types/query.pb.gw.go:45.201,52.2 4 0
github.com/sagaxyz/saga-sdk/x/transferrouter/types/query.pb.gw.go:58.103,60.121 1 0
github.com/sagaxyz/saga-sdk/x/transferrouter/types/query.pb.gw.go:60.121,67.17 7 0
github.com/sagaxyz/saga-sdk/x/transferrouter/types/query.pb.gw.go:67.17,70.4 2 0
github.com/sagaxyz/saga-sdk/x/transferrouter/types/query.pb.gw.go:71.3,74.17 4 0
github.com/sagaxyz/saga-sdk/x/transferrouter/types/query.pb.gw.go:74.17,77.4 2 0
github.com/sagaxyz/saga-sdk/x/transferrouter/types/query.pb.gw.go:79.3,79.104 1 0
github.com/sagaxyz/saga-sdk/x/transferrouter/types/query.pb.gw.go:83.2,83.12 1 0
github.com/sagaxyz/saga-sdk/x/transferrouter/types/query.pb.gw.go:88.136,90.16 2 0
github.com/sagaxyz/saga-sdk/x/transferrouter/types/query.pb.gw.go:90.16,92.3 1 0
github.com/sagaxyz/saga-sdk/x/transferrouter/types/query.pb.gw.go:93.2,93.15 1 0
github.com/sagaxyz/saga-sdk/x/transferrouter/types/query.pb.gw.go:93.15,94.17 1 0
github.com/sagaxyz/saga-sdk/x/transferrouter/types/query.pb.gw.go:94.17,95.41 1 0
github.com/sagaxyz/saga-sdk/x/transferrouter/types/query.pb.gw.go:95.41,97.5 1 0
github.com/sagaxyz/saga-sdk/x/transferrouter/types/query.pb.gw.go:98.4,98.10 1 0
github.com/sagaxyz/saga-sdk/x/transferrouter/types/query.pb.gw.go:100.3,100.13 1 0
github.com/sagaxyz/saga-sdk/x/transferrouter/types/query.pb.gw.go:100.13,102.41 2 0
github.com/sagaxyz/saga-sdk/x/transferrouter/types/query.pb.gw.go:102.41,104.5 1 0
github.com/sagaxyz/saga-sdk/x/transferrouter/types/query.pb.gw.go:108.2,108.45 1 0
github.com/sagaxyz/saga-sdk/x/transferrouter/types/query.pb.gw.go:113.100,115.2 1 0
github.com/sagaxyz/saga-sdk/x/transferrouter/types/query.pb.gw.go:122.103,124.121 1 0
github.com/sagaxyz/saga-sdk/x/transferrouter/types/query.pb.gw.go:124.121,129.17 5 0
github.com/sagaxyz/saga-sdk/x/transferrouter/types/query.pb.gw.go:129.17,132.4 2 0
github.com/sagaxyz/saga-sdk/x/transferrouter/types/query.pb.gw.go:133.3,135.17 3 0
github.com/sagaxyz/saga-sdk/x/transferrouter/types/query.pb.gw.go:135.17,138.4 2 0
github.com/sagaxyz/saga-sdk/x/transferrouter/types/query.pb.gw.go:140.3,140.104 1 0
github.com/sagaxyz/saga-sdk/x/transferrouter/types/query.pb.gw.go:144.2,144.12 1 0
github.com/sagaxyz/saga-sdk/x/transferrouter/types/transferrouter.pb.go:35.34,35.51 1 0
github.com/sagaxyz/saga-sdk/x/transferrouter/types/transferrouter.pb.go:36.34,36.71 1 0
github.com/sagaxyz/saga-sdk/x/transferrouter/types/transferrouter.pb.go:37.35,37.36 0 0
github.com/sagaxyz/saga-sdk/x/transferrouter/types/transferrouter.pb.go:38.45,40.2 1 0
github.com/sagaxyz/saga-sdk/x/transferrouter/types/transferrouter.pb.go:41.48,43.2 1 0
github.com/sagaxyz/saga-sdk/x/transferrouter/types/transferrouter.pb.go:44.76,45.19 1 0
github.com/sagaxyz/saga-sdk/x/transferrouter/types/transferrouter.pb.go:45.19,47.3 1 0
github.com/sagaxyz/saga-sdk/x/transferrouter/types/transferrouter.pb.go:47.8,50.17 3 0
github.com/sagaxyz/saga-sdk/x/transferrouter/types/transferrouter.pb.go:50.17,52.4 1 0
github.com/sagaxyz/saga-sdk/x/transferrouter/types/transferrouter.pb.go:53.3,53.20 1 0
github.com/sagaxyz/saga-sdk/x/transferrouter/types/transferrouter.pb.go:56.47,58.2 1 0
github.com/sagaxyz/saga-sdk/x/transferrouter/types/transferrouter.pb.go:59.33,61.2 1 0
github.com/sagaxyz/saga-sdk/x/transferrouter/types/transferrouter.pb.go:62.39,64.2 1 0
github.com/sagaxyz/saga-sdk/x/transferrouter/types/transferrouter.pb.go:68.36,69.14 1 0
github.com/sagaxyz/saga-sdk/x/transferrouter/types/transferrouter.pb.go:69.14,71.3 1 0
github.com/sagaxyz/saga-sdk/x/transferrouter/types/transferrouter.pb.go:72.2,72.14 1 0
github.com/sagaxyz/saga-sdk/x/transferrouter/types/transferrouter.pb.go:75.52,76.14 1 0
github.com/sagaxyz/saga-sdk/x/transferrouter/types/transferrouter.pb.go:76.14,78.3 1 0
github.com/sagaxyz/saga-sdk/x/transferrouter/types/transferrouter.pb.go:79.2,79.11 1 0
github.com/sagaxyz/saga-sdk/x/transferrouter/types/transferrouter.pb.go:82.53,83.14 1 0
github.com/sagaxyz/saga-sdk/x/transferrouter/types/transferrouter.pb.go:83.14,85.3 1 0
github.com/sagaxyz/saga-sdk/x/transferrouter/types/transferrouter.pb.go:86.2,86.11 1 0
github.com/sagaxyz/saga-sdk/x/transferrouter/types/transferrouter.pb.go:96.43,96.69 1 0
github.com/sagaxyz/saga-sdk/x/transferrouter/types/transferrouter.pb.go:97.43,97.80 1 0
github.com/sagaxyz/saga-sdk/x/transferrouter/types/transferrouter.pb.go:98.44,98.45 0 0
github.com/sagaxyz/saga-sdk/x/transferrouter/types/transferrouter.pb.go:99.54,101.2 1 0
github.com/sagaxyz/saga-sdk/x/transferrouter/types/transferrouter.pb.go:102.57,104.2 1 0
github.com/sagaxyz/saga-sdk/x/transferrouter/types/transferrouter.pb.go:105.85,106.19 1 0
github.com/sagaxyz/saga-sdk/x/transferrouter/types/transferrouter.pb.go:106.19,108.3 1 0
github.com/sagaxyz/saga-sdk/x/transferrouter/types/transferrouter.pb.go:108.8,111.17 3 0
github.com/sagaxyz/saga-sdk/x/transferrouter/types/transferrouter.pb.go:111.17,113.4 1 0
github.com/sagaxyz/saga-sdk/x/transferrouter/types/transferrouter.pb.go:114.3,114.20 1 0
github.com/sagaxyz/saga-sdk/x/transferrouter/types/transferrouter.pb.go:117.56,119.2 1 0
github.com/sagaxyz/saga-sdk/x/transferrouter/types/transferrouter.pb.go:120.42,122.2 1 0
github.com/sagaxyz/saga-sdk/x/transferrouter/types/transferrouter.pb.go:123.48,125.2 1 0
github.com/sagaxyz/saga-sdk/x/transferrouter/types/transferrouter.pb.go:129.53,130.14 1 0
github.com/sagaxyz/saga-sdk/x/transferrouter/types/transferrouter.pb.go:130.14,132.3 1 0
github.com/sagaxyz/saga-sdk/x/transferrouter/types/transferrouter.pb.go:133.2,133.12 1 0
github.com/sagaxyz/saga-sdk/x/transferrouter/types/transferrouter.pb.go:136.54,137.14 1 0
github.com/sagaxyz/saga-sdk/x/transferrouter/types/transferrouter.pb.go:137.14,139.3 1 0
github.com/sagaxyz/saga-sdk/x/transferrouter/types/transferrouter.pb.go:140.2,140.12 1 0
github.com/sagaxyz/saga-sdk/x/transferrouter/types/transferrouter.pb.go:143.47,144.14 1 0
github.com/sagaxyz/saga-sdk/x/transferrouter/types/transferrouter.pb.go:144.14,146.3 1 0
github.com/sagaxyz/saga-sdk/x/transferrouter/types/transferrouter.pb.go:147.2,147.14 1 0
github.com/sagaxyz/saga-sdk/x/transferrouter/types/transferrouter.pb.go:150.55,151.14 1 0
github.com/sagaxyz/saga-sdk/x/transferrouter/types/transferrouter.pb.go:151.14,153.3 1 0
github.com/sagaxyz/saga-sdk/x/transferrouter/types/transferrouter.pb.go:154.2,154.12 1 0
github.com/sagaxyz/saga-sdk/x/transferrouter/types/transferrouter.pb.go:157.13,160.2 2 0
github.com/sagaxyz/saga-sdk/x/transferrouter/types/transferrouter.pb.go:162.13,164.2 1 0
github.com/sagaxyz/saga-sdk/x/transferrouter/types/transferrouter.pb.go:194.53,198.16 4 0
github.com/sagaxyz/saga-sdk/x/transferrouter/types/transferrouter.pb.go:198.16,200.3 1 0
github.com/sagaxyz/saga-sdk/x/transferrouter/types/transferrouter.pb.go:201.2,201.22 1 0
github.com/sagaxyz/saga-sdk/x/transferrouter/types/transferrouter.pb.go:204.54,207.2 2 0
github.com/sagaxyz/saga-sdk/x/transferrouter/types/transferrouter.pb.go:209.65,214.39 5 0
github.com/sagaxyz/saga-sdk/x/transferrouter/types/transferrouter.pb.go:214.39,220.3 5 0
github.com/sagaxyz/saga-sdk/x/transferrouter/types/transferrouter.pb.go:221.2,221.38 1 0
github.com/sagaxyz/saga-sdk/x/transferrouter/types/transferrouter.pb.go:221.38,227.3 5 0
github.com/sagaxyz/saga-sdk/x/transferrouter/types/transferrouter.pb.go:228.2,228.15 1 0
github.com/sagaxyz/saga-sdk/x/transferrouter/types/transferrouter.pb.go:228.15,230.16 2 0
github.com/sagaxyz/saga-sdk/x/transferrouter/types/transferrouter.pb.go:230.16,232.4 1 0
github.com/sagaxyz/saga-sdk/x/transferrouter/types/transferrouter.pb.go:232.9,234.4 1 0
github.com/sagaxyz/saga-sdk/x/transferrouter/types/transferrouter.pb.go:235.3,236.16 2 0
github.com/sagaxyz/saga-sdk/x/transferrouter/types/transferrouter.pb.go:238.2,238.27 1 0
github.com/sagaxyz/saga-sdk/x/transferrouter/types/transferrouter.pb.go:241.62,245.16 4 0
github.com/sagaxyz/saga-sdk/x/transferrouter/types/transferrouter.pb.go:245.16,247.3 1 0
github.com/sagaxyz/saga-sdk/x/transferrouter/types/transferrouter.pb.go:248.2,248.22 1 0
github.com/sagaxyz/saga-sdk/x/transferrouter/types/transferrouter.pb.go:251.63,254.2 2 0
github.com/sagaxyz/saga-sdk/x/transferrouter/types/transferrouter.pb.go:256.74,261.32 5 0
github.com/sagaxyz/saga-sdk/x/transferrouter/types/transferrouter.pb.go:261.32,267.3 5 0
github.com/sagaxyz/saga-sdk/x/transferrouter/types/transferrouter.pb.go:268.2,268.17 1 0
github.com/sagaxyz/saga-sdk/x/transferrouter/types/transferrouter.pb.go:268.17,270.18 2 0
github.com/sagaxyz/saga-sdk/x/transferrouter/types/transferrouter.pb.go:270.18,272.4 1 0
github.com/sagaxyz/saga-sdk/x/transferrouter/types/transferrouter.pb.go:272.9,274.4 1 0
github.com/sagaxyz/saga-sdk/x/transferrouter/types/transferrouter.pb.go:275.3,276.17 2 0
github.com/sagaxyz/saga-sdk/x/transferrouter/types/transferrouter.pb.go:278.2,278.31 1 0
github.com/sagaxyz/saga-sdk/x/transferrouter/types/transferrouter.pb.go:278.31,284.3 5 0
github.com/sagaxyz/saga-sdk/x/transferrouter/types/transferrouter.pb.go:285.2,285.21 1 0
github.com/sagaxyz/saga-sdk/x/transferrouter/types/transferrouter.pb.go:285.21,286.3 1 0
github.com/sagaxyz/saga-sdk/x/transferrouter/types/transferrouter.pb.go:286.3,288.18 2 0
github.com/sagaxyz/saga-sdk/x/transferrouter/types/transferrouter.pb.go:288.18,290.5 1 0
github.com/sagaxyz/saga-sdk/x/transferrouter/types/transferrouter.pb.go:291.4,292.57 2 0
github.com/sagaxyz/saga-sdk/x/transferrouter/types/transferrouter.pb.go:294.3,295.16 2 0
github.com/sagaxyz/saga-sdk/x/transferrouter/types/transferrouter.pb.go:297.2,297.27 1 0
github.com/sagaxyz/saga-sdk/x/transferrouter/types/transferrouter.pb.go:300.72,303.16 3 0
github.com/sagaxyz/saga-sdk/x/transferrouter/types/transferrouter.pb.go:303.16,307.3 3 0
github.com/sagaxyz/saga-sdk/x/transferrouter/types/transferrouter.pb.go:308.2,309.13 2 0
github.com/sagaxyz/saga-sdk/x/transferrouter/types/transferrouter.pb.go:311.33,312.14 1 0
github.com/sagaxyz/saga-sdk/x/transferrouter/types/transferrouter.pb.go:312.14,314.3 1 0
github.com/sagaxyz/saga-sdk/x/transferrouter/types/transferrouter.pb.go:315.2,317.15 3 0
github.com/sagaxyz/saga-sdk/x/transferrouter/types/transferrouter.pb.go:317.15,319.3 1 0
github.com/sagaxyz/saga-sdk/x/transferrouter/types/transferrouter.pb.go:320.2,321.11 2 0
github.com/sagaxyz/saga-sdk/x/transferrouter/types/transferrouter.pb.go:321.11,323.3 1 0
github.com/sagaxyz/saga-sdk/x/transferrouter/types/transferrouter.pb.go:324.2,325.11 2 0
github.com/sagaxyz/saga-sdk/x/transferrouter/types/transferrouter.pb.go:325.11,327.3 1 0
github.com/sagaxyz/saga-sdk/x/transferrouter/types/transferrouter.pb.go:328.2,328.10 1 0
github.com/sagaxyz/saga-sdk/x/transferrouter/types/transferrouter.pb.go:331.42,332.14 1 0
github.com/sagaxyz/saga-sdk/x/transferrouter/types/transferrouter.pb.go:332.14,334.3 1 0
github.com/sagaxyz/saga-sdk/x/transferrouter/types/transferrouter.pb.go:335.2,337.21 3 0
github.com/sagaxyz/saga-sdk/x/transferrouter/types/transferrouter.pb.go:337.21,340.3 2 0
github.com/sagaxyz/saga-sdk/x/transferrouter/types/transferrouter.pb.go:341.2,342.11 2 0
github.com/sagaxyz/saga-sdk/x/transferrouter/types/transferrouter.pb.go:342.11,344.3 1 0
github.com/sagaxyz/saga-sdk/x/transferrouter/types/transferrouter.pb.go:345.2,345.17 1 0
github.com/sagaxyz/saga-sdk/x/transferrouter/types/transferrouter.pb.go:345.17,347.3 1 0
github.com/sagaxyz/saga-sdk/x/transferrouter/types/transferrouter.pb.go:348.2,349.11 2 0
github.com/sagaxyz/saga-sdk/x/transferrouter/types/transferrouter.pb.go:349.11,351.3 1 0
github.com/sagaxyz/saga-sdk/x/transferrouter/types/transferrouter.pb.go:352.2,352.10 1 0
github.com/sagaxyz/saga-sdk/x/transferrouter/types/transferrouter.pb.go:355.42,357.2 1 0
github.com/sagaxyz/saga-sdk/x/transferrouter/types/transferrouter.pb.go:358.42,360.2 1 0
github.com/sagaxyz/saga-sdk/x/transferrouter/types/transferrouter.pb.go:361.47,364.16 3 0
github.com/sagaxyz/saga-sdk/x/transferrouter/types/transferrouter.pb.go:364.16,367.38 3 0
github.com/sagaxyz/saga-sdk/x/transferrouter/types/transferrouter.pb.go:367.38,368.19 1 0
github.com/sagaxyz/saga-sdk/x/transferrouter/types/transferrouter.pb.go:368.19,370.5 1 0
github.com/sagaxyz/saga-sdk/x/transferrouter/types/transferrouter.pb.go:371.4,371.18 1 0
github.com/sagaxyz/saga-sdk/x/transferrouter/types/transferrouter.pb.go:371.18,373.5 1 0
github.com/sagaxyz/saga-sdk/x/transferrouter/types/transferrouter.pb.go:374.4,377.16 4 0
github.com/sagaxyz/saga-sdk/x/transferrouter/types/transferrouter.pb.go:377.16,378.10 1 0
github.com/sagaxyz/saga-sdk/x/transferrouter/types/transferrouter.pb.go:381.3,383.20 3 0
github.com/sagaxyz/saga-sdk/x/transferrouter/types/transferrouter.pb.go:383.20,385.4 1 0
github.com/sagaxyz/saga-sdk/x/transferrouter/types/transferrouter.pb.go:386.3,386.20 1 0
github.com/sagaxyz/saga-sdk/x/transferrouter/types/transferrouter.pb.go:386.20,388.4 1 0
github.com/sagaxyz/saga-sdk/x/transferrouter/types/transferrouter.pb.go:389.3,389.19 1 0
github.com/sagaxyz/saga-sdk/x/transferrouter/types/transferrouter.pb.go:390.10,391.21 1 0
github.com/sagaxyz/saga-sdk/x/transferrouter/types/transferrouter.pb.go:391.21,393.5 1 0
github.com/sagaxyz/saga-sdk/x/transferrouter/types/transferrouter.pb.go:394.4,395.39 2 0
github.com/sagaxyz/saga-sdk/x/transferrouter/types/transferrouter.pb.go:395.39,396.20 1 0
github.com/sagaxyz/saga-sdk/x/transferrouter/types/transferrouter.pb.go:396.20,398.6 1 0
github.com/sagaxyz/saga-sdk/x/transferrouter/types/transferrouter.pb.go:399.5,399.19 1 0
github.com/sagaxyz/saga-sdk/x/transferrouter/types/transferrouter.pb.go:399.19,401.6 1 0
github.com/sagaxyz/saga-sdk/x/transferrouter/types/transferrouter.pb.go:402.5,405.17 4 0
github.com/sagaxyz/saga-sdk/x/transferrouter/types/transferrouter.pb.go:405.17,406.11 1 0
github.com/sagaxyz/saga-sdk/x/transferrouter/types/transferrouter.pb.go:409.4,409.28 1 0
github.com/sagaxyz/saga-sdk/x/transferrouter/types/transferrouter.pb.go:410.10,411.21 1 0
github.com/sagaxyz/saga-sdk/x/transferrouter/types/transferrouter.pb.go:411.21,413.5 1 0
github.com/sagaxyz/saga-sdk/x/transferrouter/types/transferrouter.pb.go:414.4,415.39 2 0
github.com/sagaxyz/saga-sdk/x/transferrouter/types/transferrouter.pb.go:415.39,416.20 1 0
github.com/sagaxyz/saga-sdk/x/transferrouter/types/transferrouter.pb.go:416.20,418.6 1 0
github.com/sagaxyz/saga-sdk/x/transferrouter/types/transferrouter.pb.go:419.5,419.19 1 0
github.com/sagaxyz/saga-sdk/x/transferrouter/types/transferrouter.pb.go:419.19,421.6 1 0
github.com/sagaxyz/saga-sdk/x/transferrouter/types/transferrouter.pb.go:422.5,425.17 4 0
github.com/sagaxyz/saga-sdk/x/transferrouter/types/transferrouter.pb.go:425.17,426.11 1 0
github.com/sagaxyz/saga-sdk/x/transferrouter/types/transferrouter.pb.go:429.4,430.24 2 0
github.com/sagaxyz/saga-sdk/x/transferrouter/types/transferrouter.pb.go:430.24,432.5 1 0
github.com/sagaxyz/saga-sdk/x/transferrouter/types/transferrouter.pb.go:433.4,434.21 2 0
github.com/sagaxyz/saga-sdk/x/transferrouter/types/transferrouter.pb.go:434.21,436.5 1 0
github.com/sagaxyz/saga-sdk/x/transferrouter/types/transferrouter.pb.go:437.4,437.21 1 0
github.com/sagaxyz/saga-sdk/x/transferrouter/types/transferrouter.pb.go:437.21,439.5 1 0
github.com/sagaxyz/saga-sdk/x/transferrouter/types/transferrouter.pb.go:440.4,441.21 2 0
github.com/sagaxyz/saga-sdk/x/transferrouter/types/transferrouter.pb.go:442.10,443.21 1 0
github.com/sagaxyz/saga-sdk/x/transferrouter/types/transferrouter.pb.go:443.21,445.5 1 0
github.com/sagaxyz/saga-sdk/x/transferrouter/types/transferrouter.pb.go:446.4,447.39 2 0
github.com/sagaxyz/saga-sdk/x/transferrouter/types/transferrouter.pb.go:447.39,448.20 1 0
github.com/sagaxyz/saga-sdk/x/transferrouter/types/transferrouter.pb.go:448.20,450.6 1 0
github.com/sagaxyz/saga-sdk/x/transferrouter/types/transferrouter.pb.go:451.5,451.19 1 0
github.com/sagaxyz/saga-sdk/x/transferrouter/types/transferrouter.pb.go:451.19,453.6 1 0
github.com/sagaxyz/saga-sdk/x/transferrouter/types/transferrouter.pb.go:454.5,457.17 4 0
github.com/sagaxyz/saga-sdk/x/transferrouter/types/transferrouter.pb.go:457.17,458.11 1 0
github.com/sagaxyz/saga-sdk/x/transferrouter/types/transferrouter.pb.go:461.4,462.24 2 0
github.com/sagaxyz/saga-sdk/x/transferrouter/types/transferrouter.pb.go:462.24,464.5 1 0
github.com/sagaxyz/saga-sdk/x/transferrouter/types/transferrouter.pb.go:465.4,466.21 2 0
github.com/sagaxyz/saga-sdk/x/transferrouter/types/transferrouter.pb.go:466.21,468.5 1 0
github.com/sagaxyz/saga-sdk/x/transferrouter/types/transferrouter.pb.go:469.4,469.21 1 0
github.com/sagaxyz/saga-sdk/x/transferrouter/types/transferrouter.pb.go:469.21,471.5 1 0
github.com/sagaxyz/saga-sdk/x/transferrouter/types/transferrouter.pb.go:472.4,473.21 2 0
github.com/sagaxyz/saga-sdk/x/transferrouter/types/transferrouter.pb.go:474.11,477.18 3 0
github.com/sagaxyz/saga-sdk/x/transferrouter/types/transferrouter.pb.go:477.18,479.5 1 0
github.com/sagaxyz/saga-sdk/x/transferrouter/types/transferrouter.pb.go:480.4,480.42 1 0
github.com/sagaxyz/saga-sdk/x/transferrouter/types/transferrouter.pb.go:480.42,482.5 1 0
github.com/sagaxyz/saga-sdk/x/transferrouter/types/transferrouter.pb.go:483.4,483.28 1 0
github.com/sagaxyz/saga-sdk/x/transferrouter/types/transferrouter.pb.go:483.28,485.5 1 0
github.com/sagaxyz/saga-sdk/x/transferrouter/types/transferrouter.pb.go:486.4,486.19 1 0
github.com/sagaxyz/saga-sdk/x/transferrouter/types/transferrouter.pb.go:490.2,490.15 1 0
github.com/sagaxyz/saga-sdk/x/transferrouter/types/transferrouter.pb.go:490.15,492.3 1 0
github.com/sagaxyz/saga-sdk/x/transferrouter/types/transferrouter.pb.go:493.2,493.12 1 0
github.com/sagaxyz/saga-sdk/x/transferrouter/types/transferrouter.pb.go:495.56,498.16 3 0
github.com/sagaxyz/saga-sdk/x/transferrouter/types/transferrouter.pb.go:498.16,501.38 3 0
github.com/sagaxyz/saga-sdk/x/transferrouter/types/transferrouter.pb.go:501.38,502.19 1 0
github.com/sagaxyz/saga-sdk/x/transferrouter/types/transferrouter.pb.go:502.19,504.5 1 0
github.com/sagaxyz/saga-sdk/x/transferrouter/types/transferrouter.pb.go:505.4,505.18 1 0
github.com/sagaxyz/saga-sdk/x/transferrouter/types/transferrouter.pb.go:505.18,507.5 1 0
github.com/sagaxyz/saga-sdk/x/transferrouter/types/transferrouter.pb.go:508.4,511.16 4 0
github.com/sagaxyz/saga-sdk/x/transferrouter/types/transferrouter.pb.go:511.16,512.10 1 0
github.com/sagaxyz/saga-sdk/x/transferrouter/types/transferrouter.pb.go:515.3,517.20 3 0
github.com/sagaxyz/saga-sdk/x/transferrouter/types/transferrouter.pb.go:517.20,519.4 1 0
github.com/sagaxyz/saga-sdk/x/transferrouter/types/transferrouter.pb.go:520.3,520.20 1 0
github.com/sagaxyz/saga-sdk/x/transferrouter/types/transferrouter.pb.go:520.20,522.4 1 0
github.com/sagaxyz/saga-sdk/x/transferrouter/types/transferrouter.pb.go:523.3,523.19 1 0
github.com/sagaxyz/saga-sdk/x/transferrouter/types/transferrouter.pb.go:524.10,525.21 1 0
github.com/sagaxyz/saga-sdk/x/transferrouter/types/transferrouter.pb.go:525.21,527.5 1 0
github.com/sagaxyz/saga-sdk/x/transferrouter/types/transferrouter.pb.go:528.4,529.39 2 0
github.com/sagaxyz/saga-sdk/x/transferrouter/types/transferrouter.pb.go:529.39,530.20 1 0
github.com/sagaxyz/saga-sdk/x/transferrouter/types/transferrouter.pb.go:530.20,532.6 1 0
github.com/sagaxyz/saga-sdk/x/transferrouter/types/transferrouter.pb.go:533.5,533.19 1 0
github.com/sagaxyz/saga-sdk/x/transferrouter/types/transferrouter.pb.go:533.19,535.6 1 0
github.com/sagaxyz/saga-sdk/x/transferrouter/types/transferrouter.pb.go:536.5,539.17 4 0
github.com/sagaxyz/saga-sdk/x/transferrouter/types/transferrouter.pb.go:539.17,540.11 1 0
github.com/sagaxyz/saga-sdk/x/transferrouter/types/transferrouter.pb.go:543.4,543.18 1 0
github.com/sagaxyz/saga-sdk/x/transferrouter/types/transferrouter.pb.go:543.18,545.5 1 0
github.com/sagaxyz/saga-sdk/x/transferrouter/types/transferrouter.pb.go:546.4,547.21 2 0
github.com/sagaxyz/saga-sdk/x/transferrouter/types/transferrouter.pb.go:547.21,549.5 1 0
github.com/sagaxyz/saga-sdk/x/transferrouter/types/transferrouter.pb.go:550.4,550.21 1 0
github.com/sagaxyz/saga-sdk/x/transferrouter/types/transferrouter.pb.go:550.21,552.5 1 0
github.com/sagaxyz/saga-sdk/x/transferrouter/types/transferrouter.pb.go:553.4,553.23 1 0
github.com/sagaxyz/saga-sdk/x/transferrouter/types/transferrouter.pb.go:553.23,555.5 1 0
github.com/sagaxyz/saga-sdk/x/transferrouter/types/transferrouter.pb.go:556.4,556.68 1 0
github.com/sagaxyz/saga-sdk/x/transferrouter/types/transferrouter.pb.go:556.68,558.5 1 0
github.com/sagaxyz/saga-sdk/x/transferrouter/types/transferrouter.pb.go:559.4,559.21 1 0
github.com/sagaxyz/saga-sdk/x/transferrouter/types/transferrouter.pb.go:560.10,561.21 1 0
github.com/sagaxyz/saga-sdk/x/transferrouter/types/transferrouter.pb.go:561.21,563.5 1 0
github.com/sagaxyz/saga-sdk/x/transferrouter/types/transferrouter.pb.go:564.4,565.39 2 0
github.com/sagaxyz/saga-sdk/x/transferrouter/types/transferrouter.pb.go:565.39,566.20 1 0
github.com/sagaxyz/saga-sdk/x/transferrouter/types/transferrouter.pb.go:566.20,568.6 1 0
github.com/sagaxyz/saga-sdk/x/transferrouter/types/transferrouter.pb.go:569.5,569.19 1 0
github.com/sagaxyz/saga-sdk/x/transferrouter/types/transferrouter.pb.go:569.19,571.6 1 0
github.com/sagaxyz/saga-sdk/x/transferrouter/types/transferrouter.pb.go:572.5,575.17 4 0
github.com/sagaxyz/saga-sdk/x/transferrouter/types/transferrouter.pb.go:575.17,576.11 1 0
github.com/sagaxyz/saga-sdk/x/transferrouter/types/transferrouter.pb.go:579.4,579.19 1 0
github.com/sagaxyz/saga-sdk/x/transferrouter/types/transferrouter.pb.go:579.19,581.5 1 0
github.com/sagaxyz/saga-sdk/x/transferrouter/types/transferrouter.pb.go:582.4,583.21 2 0
github.com/sagaxyz/saga-sdk/x/transferrouter/types/transferrouter.pb.go:583.21,585.5 1 0
github.com/sagaxyz/saga-sdk/x/transferrouter/types/transferrouter.pb.go:586.4,586.21 1 0
github.com/sagaxyz/saga-sdk/x/transferrouter/types/transferrouter.pb.go:586.21,588.5 1 0
github.com/sagaxyz/saga-sdk/x/transferrouter/types/transferrouter.pb.go:589.4,590.31 2 0
github.com/sagaxyz/saga-sdk/x/transferrouter/types/transferrouter.pb.go:590.31,592.5 1 0
github.com/sagaxyz/saga-sdk/x/transferrouter/types/transferrouter.pb.go:593.4,593.21 1 0
github.com/sagaxyz/saga-sdk/x/transferrouter/types/transferrouter.pb.go:594.10,595.21 1 0
github.com/sagaxyz/saga-sdk/x/transferrouter/types/transferrouter.pb.go:595.21,597.5 1 0
github.com/sagaxyz/saga-sdk/x/transferrouter/types/transferrouter.pb.go:598.4,599.39 2 0
github.com/sagaxyz/saga-sdk/x/transferrouter/types/transferrouter.pb.go:599.39,600.20 1 0
github.com/sagaxyz/saga-sdk/x/transferrouter/types/transferrouter.pb.go:600.20,602.6 1 0
github.com/sagaxyz/saga-sdk/x/transferrouter/types/transferrouter.pb.go:603.5,603.19 1 0
github.com/sagaxyz/saga-sdk/x/transferrouter/types/transferrouter.pb.go:603.19,605.6 1 0
github.com/sagaxyz/saga-sdk/x/transferrouter/types/transferrouter.pb.go:606.5,609.17 4 0
github.com/sagaxyz/saga-sdk/x/transferrouter/types/transferrouter.pb.go:609.17,610.11 1 0
github.com/sagaxyz/saga-sdk/x/transferrouter/types/transferrouter.pb.go:613.4,613.30 1 0
github.com/sagaxyz/saga-sdk/x/transferrouter/types/transferrouter.pb.go:614.10,615.21 1 0
github.com/sagaxyz/saga-sdk/x/transferrouter/types/transferrouter.pb.go:615.21,617.5 1 0
github.com/sagaxyz/saga-sdk/x/transferrouter/types/transferrouter.pb.go:618.4,619.39 2 0
github.com/sagaxyz/saga-sdk/x/transferrouter/types/transferrouter.pb.go:619.39,620.20 1 0
github.com/sagaxyz/saga-sdk/x/transferrouter/types/transferrouter.pb.go:620.20,622.6 1 0
github.com/sagaxyz/saga-sdk/x/transferrouter/types/transferrouter.pb.go:623.5,623.19 1 0
github.com/sagaxyz/saga-sdk/x/transferrouter/types/transferrouter.pb.go:623.19,625.6 1 0
github.com/sagaxyz/saga-sdk/x/transferrouter/types/transferrouter.pb.go:626.5,629.17 4 0
github.com/sagaxyz/saga-sdk/x/transferrouter/types/transferrouter.pb.go:629.17,630.11 1 0
github.com/sagaxyz/saga-sdk/x/transferrouter/types/transferrouter.pb.go:633.4,633.19 1 0
github.com/sagaxyz/saga-sdk/x/transferrouter/types/transferrouter.pb.go:633.19,635.5 1 0
github.com/sagaxyz/saga-sdk/x/transferrouter/types/transferrouter.pb.go:636.4,637.21 2 0
github.com/sagaxyz/saga-sdk/x/transferrouter/types/transferrouter.pb.go:637.21,639.5 1 0
github.com/sagaxyz/saga-sdk/x/transferrouter/types/transferrouter.pb.go:640.4,640.21 1 0
github.com/sagaxyz/saga-sdk/x/transferrouter/types/transferrouter.pb.go:640.21,642.5 1 0
github.com/sagaxyz/saga-sdk/x/transferrouter/types/transferrouter.pb.go:643.4,644.32 2 0
github.com/sagaxyz/saga-sdk/x/transferrouter/types/transferrouter.pb.go:644.32,646.5 1 0
github.com/sagaxyz/saga-sdk/x/transferrouter/types/transferrouter.pb.go:647.4,647.21 1 0
github.com/sagaxyz/saga-sdk/x/transferrouter/types/transferrouter.pb.go:648.11,651.18 3 0
github.com/sagaxyz/saga-sdk/x/transferrouter/types/transferrouter.pb.go:651.18,653.5 1 0
github.com/sagaxyz/saga-sdk/x/transferrouter/types/transferrouter.pb.go:654.4,654.42 1 0
github.com/sagaxyz/saga-sdk/x/transferrouter/types/transferrouter.pb.go:654.42,656.5 1 0
github.com/sagaxyz/saga-sdk/x/transferrouter/types/transferrouter.pb.go:657.4,657.28 1 0
github.com/sagaxyz/saga-sdk/x/transferrouter/types/transferrouter.pb.go:657.28,659.5 1 0
github.com/sagaxyz/saga-sdk/x/transferrouter/types/transferrouter.pb.go:660.4,660.19 1 0
github.com/sagaxyz/saga-sdk/x/transferrouter/types/transferrouter.pb.go:664.2,664.15 1 0
github.com/sagaxyz/saga-sdk/x/transferrouter/types/transferrouter.pb.go:664.15,666.3 1 0
github.com/sagaxyz/saga-sdk/x/transferrouter/types/transferrouter.pb.go:667.2,667.12 1 0
github.com/sagaxyz/saga-sdk/x/transferrouter/types/transferrouter.pb.go:669.57,673.16 4 0
github.com/sagaxyz/saga-sdk/x/transferrouter/types/transferrouter.pb.go:673.16,675.38 2 0
github.com/sagaxyz/saga-sdk/x/transferrouter/types/transferrouter.pb.go:675.38,676.19 1 0
github.com/sagaxyz/saga-sdk/x/transferrouter/types/transferrouter.pb.go:676.19,678.5 1 0
github.com/sagaxyz/saga-sdk/x/transferrouter/types/transferrouter.pb.go:679.4,679.18 1 0
github.com/sagaxyz/saga-sdk/x/transferrouter/types/transferrouter.pb.go:679.18,681.5 1 0
github.com/sagaxyz/saga-sdk/x/transferrouter/types/transferrouter.pb.go:682.4,685.16 4 0
github.com/sagaxyz/saga-sdk/x/transferrouter/types/transferrouter.pb.go:685.16,686.10 1 0
github.com/sagaxyz/saga-sdk/x/transferrouter/types/transferrouter.pb.go:689.3,690.19 2 0
github.com/sagaxyz/saga-sdk/x/transferrouter/types/transferrouter.pb.go:691.10,692.39 1 0
github.com/sagaxyz/saga-sdk/x/transferrouter/types/transferrouter.pb.go:692.39,693.20 1 0
github.com/sagaxyz/saga-sdk/x/transferrouter/types/transferrouter.pb.go:693.20,695.6 1 0
github.com/sagaxyz/saga-sdk/x/transferrouter/types/transferrouter.pb.go:696.5,696.19 1 0
github.com/sagaxyz/saga-sdk/x/transferrouter/types/transferrouter.pb.go:696.19,698.6 1 0
github.com/sagaxyz/saga-sdk/x/transferrouter/types/transferrouter.pb.go:699.5,700.29 2 0
github.com/sagaxyz/saga-sdk/x/transferrouter/types/transferrouter.pb.go:700.29,701.11 1 0
github.com/sagaxyz/saga-sdk/x/transferrouter/types/transferrouter.pb.go:704.10,705.14 1 0
github.com/sagaxyz/saga-sdk/x/transferrouter/types/transferrouter.pb.go:706.10,708.39 2 0
github.com/sagaxyz/saga-sdk/x/transferrouter/types/transferrouter.pb.go:708.39,709.20 1 0
github.com/sagaxyz/saga-sdk/x/transferrouter/types/transferrouter.pb.go:709.20,711.6 1 0
github.com/sagaxyz/saga-sdk/x/transferrouter/types/transferrouter.pb.go:712.5,712.19 1 0
github.com/sagaxyz/saga-sdk/x/transferrouter/types/transferrouter.pb.go:712.19,714.6 1 0
github.com/sagaxyz/saga-sdk/x/transferrouter/types/transferrouter.pb.go:715.5,718.17 4 0
github.com/sagaxyz/saga-sdk/x/transferrouter/types/transferrouter.pb.go:718.17,719.11 1 0
github.com/sagaxyz/saga-sdk/x/transferrouter/types/transferrouter.pb.go:722.4,722.18 1 0
github.com/sagaxyz/saga-sdk/x/transferrouter/types/transferrouter.pb.go:722.18,724.5 1 0
github.com/sagaxyz/saga-sdk/x/transferrouter/types/transferrouter.pb.go:725.4,725.19 1 0
github.com/sagaxyz/saga-sdk/x/transferrouter/types/transferrouter.pb.go:726.10,727.11 1 0
github.com/sagaxyz/saga-sdk/x/transferrouter/types/transferrouter.pb.go:728.10,729.18 1 0
github.com/sagaxyz/saga-sdk/x/transferrouter/types/transferrouter.pb.go:729.18,731.5 1 0
github.com/sagaxyz/saga-sdk/x/transferrouter/types/transferrouter.pb.go:732.4,732.11 1 0
github.com/sagaxyz/saga-sdk/x/transferrouter/types/transferrouter.pb.go:733.10,734.14 1 0
github.com/sagaxyz/saga-sdk/x/transferrouter/types/transferrouter.pb.go:735.11,736.64 1 0
github.com/sagaxyz/saga-sdk/x/transferrouter/types/transferrouter.pb.go:738.3,738.16 1 0
github.com/sagaxyz/saga-sdk/x/transferrouter/types/transferrouter.pb.go:738.16,740.4 1 0
github.com/sagaxyz/saga-sdk/x/transferrouter/types/transferrouter.pb.go:741.3,741.17 1 0
github.com/sagaxyz/saga-sdk/x/transferrouter/types/transferrouter.pb.go:741.17,743.4 1 0
github.com/sagaxyz/saga-sdk/x/transferrouter/types/transferrouter.pb.go:745.2,745.31 1 0
github.com/sagaxyz/saga-sdk/x/transferrouter/types/tx.pb.go:41.43,41.69 1 0
github.com/sagaxyz/saga-sdk/x/transferrouter/types/tx.pb.go:42.43,42.80 1 0
github.com/sagaxyz/saga-sdk/x/transferrouter/types/tx.pb.go:43.44,43.45 0 0
github.com/sagaxyz/saga-sdk/x/transferrouter/types/tx.pb.go:44.54,46.2 1 0
github.com/sagaxyz/saga-sdk/x/transferrouter/types/tx.pb.go:47.57,49.2 1 0
github.com/sagaxyz/saga-sdk/x/transferrouter/types/tx.pb.go:50.85,51.19 1 0
github.com/sagaxyz/saga-sdk/x/transferrouter/types/tx.pb.go:51.19,53.3 1 0
github.com/sagaxyz/saga-sdk/x/transferrouter/types/tx.pb.go:53.8,56.17 3 0
github.com/sagaxyz/saga-sdk/x/transferrouter/types/tx.pb.go:56.17,58.4 1 0
github.com/sagaxyz/saga-sdk/x/transferrouter/types/tx.pb.go:59.3,59.20 1 0
github.com/sagaxyz/saga-sdk/x/transferrouter/types/tx.pb.go:62.56,64.2 1 0
github.com/sagaxyz/saga-sdk/x/transferrouter/types/tx.pb.go:65.42,67.2 1 0
github.com/sagaxyz/saga-sdk/x/transferrouter/types/tx.pb.go:68.48,70.2 1 0
github.com/sagaxyz/saga-sdk/x/transferrouter/types/tx.pb.go:74.49,75.14 1 0
github.com/sagaxyz/saga-sdk/x/transferrouter/types/tx.pb.go:75.14,77.3 1 0
github.com/sagaxyz/saga-sdk/x/transferrouter/types/tx.pb.go:78.2,78.11 1 0
github.com/sagaxyz/saga-sdk/x/transferrouter/types/tx.pb.go:81.46,82.14 1 0
github.com/sagaxyz/saga-sdk/x/transferrouter/types/tx.pb.go:82.14,84.3 1 0
github.com/sagaxyz/saga-sdk/x/transferrouter/types/tx.pb.go:85.2,85.17 1 0
github.com/sagaxyz/saga-sdk/x/transferrouter/types/tx.pb.go:92.51,92.85 1 0
github.com/sagaxyz/saga-sdk/x/transferrouter/types/tx.pb.go:93.51,93.88 1 0
github.com/sagaxyz/saga-sdk/x/transferrouter/types/tx.pb.go:94.52,94.53 0 0
github.com/sagaxyz/saga-sdk/x/transferrouter/types/tx.pb.go:95.62,97.2 1 0
github.com/sagaxyz/saga-sdk/x/transferrouter/types/tx.pb.go:98.65,100.2 1 0
github.com/sagaxyz/saga-sdk/x/transferrouter/types/tx.pb.go:101.93,102.19 1 0
github.com/sagaxyz/saga-sdk/x/transferrouter/types/tx.pb.go:102.19,104.3 1 0
github.com/sagaxyz/saga-sdk/x/transferrouter/types/tx.pb.go:104.8,107.17 3 0
github.com/sagaxyz/saga-sdk/x/transferrouter/types/tx.pb.go:107.17,109.4 1 0
github.com/sagaxyz/saga-sdk/x/transferrouter/types/tx.pb.go:110.3,110.20 1 0
github.com/sagaxyz/saga-sdk/x/transferrouter/types/tx.pb.go:113.64,115.2 1 0
github.com/sagaxyz/saga-sdk/x/transferrouter/types/tx.pb.go:116.50,118.2 1 0
github.com/sagaxyz/saga-sdk/x/transferrouter/types/tx.pb.go:119.56,121.2 1 0
github.com/sagaxyz/saga-sdk/x/transferrouter/types/tx.pb.go:125.13,128.2 2 0
github.com/sagaxyz/saga-sdk/x/transferrouter/types/tx.pb.go:130.13,130.103 1 0
github.com/sagaxyz/saga-sdk/x/transferrouter/types/tx.pb.go:177.50,179.2 1 0
github.com/sagaxyz/saga-sdk/x/transferrouter/types/tx.pb.go:181.135,184.16 3 0
github.com/sagaxyz/saga-sdk/x/transferrouter/types/tx.pb.go:184.16,186.3 1 0
github.com/sagaxyz/saga-sdk/x/transferrouter/types/tx.pb.go:187.2,187.17 1 0
github.com/sagaxyz/saga-sdk/x/transferrouter/types/tx.pb.go:200.122,202.2 1 0
github.com/sagaxyz/saga-sdk/x/transferrouter/types/tx.pb.go:204.55,206.2 1 0
github.com/sagaxyz/saga-sdk/x/transferrouter/types/tx.pb.go:208.161,210.32 2 0
github.com/sagaxyz/saga-sdk/x/transferrouter/types/tx.pb.go:210.32,212.3 1 0
github.com/sagaxyz/saga-sdk/x/transferrouter/types/tx.pb.go:213.2,213.24 1 0
github.com/sagaxyz/saga-sdk/x/transferrouter/types/tx.pb.go:213.24,215.3 1 0
github.com/sagaxyz/saga-sdk/x/transferrouter/types/tx.pb.go:216.2,220.77 2 0
github.com/sagaxyz/saga-sdk/x/transferrouter/types/tx.pb.go:220.77,222.3 1 0
github.com/sagaxyz/saga-sdk/x/transferrouter/types/tx.pb.go:223.2,223.44 1 0
github.com/sagaxyz/saga-sdk/x/transferrouter/types/tx.pb.go:239.62,243.16 4 0
github.com/sagaxyz/saga-sdk/x/transferrouter/types/tx.pb.go:243.16,245.3 1 0
github.com/sagaxyz/saga-sdk/x/transferrouter/types/tx.pb.go:246.2,246.22 1 0
github.com/sagaxyz/saga-sdk/x/transferrouter/types/tx.pb.go:249.63,252.2 2 0
github.com/sagaxyz/saga-sdk/x/transferrouter/types/tx.pb.go:254.74,259.2 5 0
github.com/sagaxyz/saga-sdk/x/transferrouter/types/tx.pb.go:259.2,261.17 2 0
github.com/sagaxyz/saga-sdk/x/transferrouter/types/tx.pb.go:261.17,263.4 1 0
github.com/sagaxyz/saga-sdk/x/transferrouter/types/tx.pb.go:264.3,265.44 2 0
github.com/sagaxyz/saga-sdk/x/transferrouter/types/tx.pb.go:267.2,269.26 3 0
github.com/sagaxyz/saga-sdk/x/transferrouter/types/tx.pb.go:269.26,275.3 5 0
github.com/sagaxyz/saga-sdk/x/transferrouter/types/tx.pb.go:276.2,276.27 1 0
github.com/sagaxyz/saga-sdk/x/transferrouter/types/tx.pb.go:279.70,283.16 4 0
github.com/sagaxyz/saga-sdk/x/transferrouter/types/tx.pb.go:283.16,285.3 1 0
github.com/sagaxyz/saga-sdk/x/transferrouter/types/tx.pb.go:286.2,286.22 1 0
github.com/sagaxyz/saga-sdk/x/transferrouter/types/tx.pb.go:289.71,292.2 2 0
github.com/sagaxyz/saga-sdk/x/transferrouter/types/tx.pb.go:294.82,300.2 5 0
github.com/sagaxyz/saga-sdk/x/transferrouter/types/tx.pb.go:302.60,305.16 3 0
github.com/sagaxyz/saga-sdk/x/transferrouter/types/tx.pb.go:305.16,309.3 3 0
github.com/sagaxyz/saga-sdk/x/transferrouter/types/tx.pb.go:310.2,311.13 2 0
github.com/sagaxyz/saga-sdk/x/transferrouter/types/tx.pb.go:313.42,314.14 1 0
github.com/sagaxyz/saga-sdk/x/transferrouter/types/tx.pb.go:314.14,316.3 1 0
github.com/sagaxyz/saga-sdk/x/transferrouter/types/tx.pb.go:317.2,320.11 4 0
github.com/sagaxyz/saga-sdk/x/transferrouter/types/tx.pb.go:320.11,322.3 1 0
github.com/sagaxyz/saga-sdk/x/transferrouter/types/tx.pb.go:323.2,325.10 3 0
github.com/sagaxyz/saga-sdk/x/transferrouter/types/tx.pb.go:328.50,329.14 1 0
github.com/sagaxyz/saga-sdk/x/transferrouter/types/tx.pb.go:329.14,331.3 1 0
github.com/sagaxyz/saga-sdk/x/transferrouter/types/tx.pb.go:332.2,334.10 3 0
github.com/sagaxyz/saga-sdk/x/transferrouter/types/tx.pb.go:337.30,339.2 1 0
github.com/sagaxyz/saga-sdk/x/transferrouter/types/tx.pb.go:340.30,342.2 1 0
github.com/sagaxyz/saga-sdk/x/transferrouter/types/tx.pb.go:343.56,346.16 3 0
github.com/sagaxyz/saga-sdk/x/transferrouter/types/tx.pb.go:346.16,349.38 3 0
github.com/sagaxyz/saga-sdk/x/transferrouter/types/tx.pb.go:349.38,350.19 1 0
github.com/sagaxyz/saga-sdk/x/transferrouter/types/tx.pb.go:350.19,352.5 1 0
github.com/sagaxyz/saga-sdk/x/transferrouter/types/tx.pb.go:353.4,353.18 1 0
github.com/sagaxyz/saga-sdk/x/transferrouter/types/tx.pb.go:353.18,355.5 1 0
github.com/sagaxyz/saga-sdk/x/transferrouter/types/tx.pb.go:356.4,359.16 4 0
github.com/sagaxyz/saga-sdk/x/transferrouter/types/tx.pb.go:359.16,360.10 1 0
github.com/sagaxyz/saga-sdk/x/transferrouter/types/tx.pb.go:363.3,365.20 3 0
github.com/sagaxyz/saga-sdk/x/transferrouter/types/tx.pb.go:365.20,367.4 1 0
github.com/sagaxyz/saga-sdk/x/transferrouter/types/tx.pb.go:368.3,368.20 1 0
github.com/sagaxyz/saga-sdk/x/transferrouter/types/tx.pb.go:368.20,370.4 1 0
github.com/sagaxyz/saga-sdk/x/transferrouter/types/tx.pb.go:371.3,371.19 1 0
github.com/sagaxyz/saga-sdk/x/transferrouter/types/tx.pb.go:372.10,373.21 1 0
github.com/sagaxyz/saga-sdk/x/transferrouter/types/tx.pb.go:373.21,375.5 1 0
github.com/sagaxyz/saga-sdk/x/transferrouter/types/tx.pb.go:376.4,377.39 2 0
github.com/sagaxyz/saga-sdk/x/transferrouter/types/tx.pb.go:377.39,378.20 1 0
github.com/sagaxyz/saga-sdk/x/transferrouter/types/tx.pb.go:378.20,380.6 1 0
github.com/sagaxyz/saga-sdk/x/transferrouter/types/tx.pb.go:381.5,381.19 1 0
github.com/sagaxyz/saga-sdk/x/transferrouter/types/tx.pb.go:381.19,383.6 1 0
github.com/sagaxyz/saga-sdk/x/transferrouter/types/tx.pb.go:384.5,387.17 4 0
github.com/sagaxyz/saga-sdk/x/transferrouter/types/tx.pb.go:387.17,388.11 1 0
github.com/sagaxyz/saga-sdk/x/transferrouter/types/tx.pb.go:391.4,392.24 2 0
github.com/sagaxyz/saga-sdk/x/transferrouter/types/tx.pb.go:392.24,394.5 1 0
github.com/sagaxyz/saga-sdk/x/transferrouter/types/tx.pb.go:395.4,396.21 2 0
github.com/sagaxyz/saga-sdk/x/transferrouter/types/tx.pb.go:396.21,398.5 1 0
github.com/sagaxyz/saga-sdk/x/transferrouter/types/tx.pb.go:399.4,399.21 1 0
github.com/sagaxyz/saga-sdk/x/transferrouter/types/tx.pb.go:399.21,401.5 1 0
github.com/sagaxyz/saga-sdk/x/transferrouter/types/tx.pb.go:402.4,403.21 2 0
github.com/sagaxyz/saga-sdk/x/transferrouter/types/tx.pb.go:404.10,405.21 1 0
github.com/sagaxyz/saga-sdk/x/transferrouter/types/tx.pb.go:405.21,407.5 1 0
github.com/sagaxyz/saga-sdk/x/transferrouter/types/tx.pb.go:408.4,409.39 2 0
github.com/sagaxyz/saga-sdk/x/transferrouter/types/tx.pb.go:409.39,410.20 1 0
github.com/sagaxyz/saga-sdk/x/transferrouter/types/tx.pb.go:410.20,412.6 1 0
github.com/sagaxyz/saga-sdk/x/transferrouter/types/tx.pb.go:413.5,413.19 1 0
github.com/sagaxyz/saga-sdk/x/transferrouter/types/tx.pb.go:413.19,415.6 1 0
github.com/sagaxyz/saga-sdk/x/transferrouter/types/tx.pb.go:416.5,419.17 4 0
github.com/sagaxyz/saga-sdk/x/transferrouter/types/tx.pb.go:419.17,420.11 1 0
github.com/sagaxyz/saga-sdk/x/transferrouter/types/tx.pb.go:423.4,423.18 1 0
github.com/sagaxyz/saga-sdk/x/transferrouter/types/tx.pb.go:423.18,425.5 1 0
github.com/sagaxyz/saga-sdk/x/transferrouter/types/tx.pb.go:426.4,427.21 2 0
github.com/sagaxyz/saga-sdk/x/transferrouter/types/tx.pb.go:427.21,429.5 1 0
github.com/sagaxyz/saga-sdk/x/transferrouter/types/tx.pb.go:430.4,430.21 1 0
github.com/sagaxyz/saga-sdk/x/transferrouter/types/tx.pb.go:430.21,432.5 1 0
github.com/sagaxyz/saga-sdk/x/transferrouter/types/tx.pb.go:433.4,433.68 1 0
github.com/sagaxyz/saga-sdk/x/transferrouter/types/tx.pb.go:433.68,435.5 1 0
github.com/sagaxyz/saga-sdk/x/transferrouter/types/tx.pb.go:436.4,436.21 1 0
github.com/sagaxyz/saga-sdk/x/transferrouter/types/tx.pb.go:437.11,440.18 3 0
github.com/sagaxyz/saga-sdk/x/transferrouter/types/tx.pb.go:440.18,442.5 1 0
github.com/sagaxyz/saga-sdk/x/transferrouter/types/tx.pb.go:443.4,443.42 1 0
github.com/sagaxyz/saga-sdk/x/transferrouter/types/tx.pb.go:443.42,445.5 1 0
github.com/sagaxyz/saga-sdk/x/transferrouter/types/tx.pb.go:446.4,446.28 1 0
github.com/sagaxyz/saga-sdk/x/transferrouter/types/tx.pb.go:446.28,448.5 1 0
github.com/sagaxyz/saga-sdk/x/transferrouter/types/tx.pb.go:449.4,449.19 1 0
github.com/sagaxyz/saga-sdk/x/transferrouter/types/tx.pb.go:453.2,453.15 1 0
github.com/sagaxyz/saga-sdk/x/transferrouter/types/tx.pb.go:453.15,455.3 1 0
github.com/sagaxyz/saga-sdk/x/transferrouter/types/tx.pb.go:456.2,456.12 1 0
github.com/sagaxyz/saga-sdk/x/transferrouter/types/tx.pb.go:458.64,461.16 3 0
github.com/sagaxyz/saga-sdk/x/transferrouter/types/tx.pb.go:461.16,464.38 3 0
github.com/sagaxyz/saga-sdk/x/transferrouter/types/tx.pb.go:464.38,465.19 1 0
github.com/sagaxyz/saga-sdk/x/transferrouter/types/tx.pb.go:465.19,467.5 1 0
github.com/sagaxyz/saga-sdk/x/transferrouter/types/tx.pb.go:468.4,468.18 1 0
github.com/sagaxyz/saga-sdk/x/transferrouter/types/tx.pb.go:468.18,470.5 1 0
github.com/sagaxyz/saga-sdk/x/transferrouter/types/tx.pb.go:471.4,474.16 4 0
github.com/sagaxyz/saga-sdk/x/transferrouter/types/tx.pb.go:474.16,475.10 1 0
github.com/sagaxyz/saga-sdk/x/transferrouter/types/tx.pb.go:478.3,480.20 3 0
github.com/sagaxyz/saga-sdk/x/transferrouter/types/tx.pb.go:480.20,482.4 1 0
github.com/sagaxyz/saga-sdk/x/transferrouter/types/tx.pb.go:483.3,483.20 1 0
github.com/sagaxyz/saga-sdk/x/transferrouter/types/tx.pb.go:483.20,485.4 1 0
github.com/sagaxyz/saga-sdk/x/transferrouter/types/tx.pb.go:486.3,486.19 1 0
github.com/sagaxyz/saga-sdk/x/transferrouter/types/tx.pb.go:487.11,490.18 3 0
github.com/sagaxyz/saga-sdk/x/transferrouter/types/tx.pb.go:490.18,492.5 1 0
github.com/sagaxyz/saga-sdk/x/transferrouter/types/tx.pb.go:493.4,493.42 1 0
github.com/sagaxyz/saga-sdk/x/transferrouter/types/tx.pb.go:493.42,495.5 1 0
github.com/sagaxyz/saga-sdk/x/transferrouter/types/tx.pb.go:496.4,496.28 1 0
github.com/sagaxyz/saga-sdk/x/transferrouter/types/tx.pb.go:496.28,498.5 1 0
github.com/sagaxyz/saga-sdk/x/transferrouter/types/tx.pb.go:499.4,499.19 1 0
github.com/sagaxyz/saga-sdk/x/transferrouter/types/tx.pb.go:503.2,503.15 1 0
github.com/sagaxyz/saga-sdk/x/transferrouter/types/tx.pb.go:503.15,505.3 1 0
github.com/sagaxyz/saga-sdk/x/transferrouter/types/tx.pb.go:506.2,506.12 1 0
github.com/sagaxyz/saga-sdk/x/transferrouter/types/tx.pb.go:508.45,512.16 4 0
github.com/sagaxyz/saga-sdk/x/transferrouter/types/tx.pb.go:512.16,514.38 2 0
github.com/sagaxyz/saga-sdk/x/transferrouter/types/tx.pb.go:514.38,515.19 1 0
github.com/sagaxyz/saga-sdk/x/transferrouter/types/tx.pb.go:515.19,517.5 1 0
github.com/sagaxyz/saga-sdk/x/transferrouter/types/tx.pb.go:518.4,518.18 1 0
github.com/sagaxyz/saga-sdk/x/transferrouter/types/tx.pb.go:518.18,520.5 1 0
github.com/sagaxyz/saga-sdk/x/transferrouter/types/tx.pb.go:521.4,524.16 4 0
github.com/sagaxyz/saga-sdk/x/transferrouter/types/tx.pb.go:524.16,525.10 1 0
github.com/sagaxyz/saga-sdk/x/transferrouter/types/tx.pb.go:528.3,529.19 2 0
github.com/sagaxyz/saga-sdk/x/transferrouter/types/tx.pb.go:530.10,531.39 1 0
github.com/sagaxyz/saga-sdk/x/transferrouter/types/tx.pb.go:531.39,532.20 1 0
github.com/sagaxyz/saga-sdk/x/transferrouter/types/tx.pb.go:532.20,534.6 1 0
github.com/sagaxyz/saga-sdk/x/transferrouter/types/tx.pb.go:535.5,535.19 1 0
github.com/sagaxyz/saga-sdk/x/transferrouter/types/tx.pb.go:535.19,537.6 1 0
github.com/sagaxyz/saga-sdk/x/transferrouter/types/tx.pb.go:538.5,539.29 2 0
github.com/sagaxyz/saga-sdk/x/transferrouter/types/tx.pb.go:539.29,540.11 1 0
github.com/sagaxyz/saga-sdk/x/transferrouter/types/tx.pb.go:543.10,544.14 1 0
github.com/sagaxyz/saga-sdk/x/transferrouter/types/tx.pb.go:545.10,547.39 2 0
github.com/sagaxyz/saga-sdk/x/transferrouter/types/tx.pb.go:547.39,548.20 1 0
github.com/sagaxyz/saga-sdk/x/transferrouter/types/tx.pb.go:548.20,550.6 1 0
github.com/sagaxyz/saga-sdk/x/transferrouter/types/tx.pb.go:551.5,551.19 1 0
github.com/sagaxyz/saga-sdk/x/transferrouter/types/tx.pb.go:551.19,553.6 1 0
github.com/sagaxyz/saga-sdk/x/transferrouter/types/tx.pb.go:554.5,557.17 4 0
github.com/sagaxyz/saga-sdk/x/transferrouter/types/tx.pb.go:557.17,558.11 1 0
github.com/sagaxyz/saga-sdk/x/transferrouter/types/tx.pb.go:561.4,561.18 1 0
github.com/sagaxyz/saga-sdk/x/transferrouter/types/tx.pb.go:561.18,563.5 1 0
github.com/sagaxyz/saga-sdk/x/transferrouter/types/tx.pb.go:564.4,564.19 1 0
github.com/sagaxyz/saga-sdk/x/transferrouter/types/tx.pb.go:565.10,566.11 1 0
github.com/sagaxyz/saga-sdk/x/transferrouter/types/tx.pb.go:567.10,568.18 1 0
github.com/sagaxyz/saga-sdk/x/transferrouter/types/tx.pb.go:568.18,570.5 1 0
github.com/sagaxyz/saga-sdk/x/transferrouter/types/tx.pb.go:571.4,571.11 1 0
github.com/sagaxyz/saga-sdk/x/transferrouter/types/tx.pb.go:572.10,573.14 1 0
github.com/sagaxyz/saga-sdk/x/transferrouter/types/tx.pb.go:574.11,575.64 1 0
github.com/sagaxyz/saga-sdk/x/transferrouter/types/tx.pb.go:577.3,577.16 1 0
github.com/sagaxyz/saga-sdk/x/transferrouter/types/tx.pb.go:577.16,579.4 1 0
github.com/sagaxyz/saga-sdk/x/transferrouter/types/tx.pb.go:580.3,580.17 1 0
github.com/sagaxyz/saga-sdk/x/transferrouter/types/tx.pb.go:580.17,582.4 1 0
github.com/sagaxyz/saga-sdk/x/transferrouter/types/tx.pb.go:584.2,584.31 1 0
github.com/sagaxyz/saga-sdk/x/transferrouter/testutil/helpers.go:26.70,62.2 10 0
github.com/sagaxyz/saga-sdk/x/transferrouter/testutil/helpers.go:65.50,82.2 7 0
github.com/sagaxyz/saga-sdk/x/transferrouter/testutil/helpers.go:85.73,96.2 1 0
github.com/sagaxyz/saga-sdk/x/transferrouter/testutil/helpers.go:99.105,107.2 1 0
github.com/sagaxyz/saga-sdk/x/transferrouter/testutil/helpers.go:110.119,118.2 1 0
github.com/sagaxyz/saga-sdk/x/transferrouter/testutil/helpers.go:121.106,127.2 1 0
github.com/sagaxyz/saga-sdk/x/transferrouter/testutil/helpers.go:130.97,135.2 1 0
github.com/sagaxyz/saga-sdk/x/transferrouter/testutil/helpers.go:138.130,145.2 1 0
github.com/sagaxyz/saga-sdk/x/transferrouter/testutil/helpers.go:148.89,152.2 3 0
github.com/sagaxyz/saga-sdk/x/transferrouter/testutil/helpers.go:155.32,157.2 1 0
github.com/sagaxyz/saga-sdk/x/transferrouter/testutil/helpers.go:160.38,162.2 1 0
github.com/sagaxyz/saga-sdk/x/transferrouter/abci/proposal.go:31.184,39.2 1 14
github.com/sagaxyz/saga-sdk/x/transferrouter/abci/proposal.go:41.79,42.104 1 11
github.com/sagaxyz/saga-sdk/x/transferrouter/abci/proposal.go:42.104,44.17 2 10
github.com/sagaxyz/saga-sdk/x/transferrouter/abci/proposal.go:44.17,47.4 2 1
github.com/sagaxyz/saga-sdk/x/transferrouter/abci/proposal.go:49.3,53.30 4 9
github.com/sagaxyz/saga-sdk/x/transferrouter/abci/proposal.go:53.30,55.4 1 8
github.com/sagaxyz/saga-sdk/x/transferrouter/abci/proposal.go:57.3,60.17 3 9
github.com/sagaxyz/saga-sdk/x/transferrouter/abci/proposal.go:60.17,63.4 2 1
github.com/sagaxyz/saga-sdk/x/transferrouter/abci/proposal.go:67.3,67.41 1 8
github.com/sagaxyz/saga-sdk/x/transferrouter/abci/proposal.go:67.41,69.4 1 1
github.com/sagaxyz/saga-sdk/x/transferrouter/abci/proposal.go:70.3,71.17 2 7
github.com/sagaxyz/saga-sdk/x/transferrouter/abci/proposal.go:71.17,73.4 1 1
github.com/sagaxyz/saga-sdk/x/transferrouter/abci/proposal.go:75.3,77.17 3 6
github.com/sagaxyz/saga-sdk/x/transferrouter/abci/proposal.go:77.17,79.4 1 0
github.com/sagaxyz/saga-sdk/x/transferrouter/abci/proposal.go:80.3,83.115 2 6
github.com/sagaxyz/saga-sdk/x/transferrouter/abci/proposal.go:83.115,86.18 2 0
github.com/sagaxyz/saga-sdk/x/transferrouter/abci/proposal.go:86.18,88.5 1 0
github.com/sagaxyz/saga-sdk/x/transferrouter/abci/proposal.go:90.4,91.18 2 0
github.com/sagaxyz/saga-sdk/x/transferrouter/abci/proposal.go:91.18,93.5 1 0
github.com/sagaxyz/saga-sdk/x/transferrouter/abci/proposal.go:95.4,95.27 1 0
github.com/sagaxyz/saga-sdk/x/transferrouter/abci/proposal.go:95.27,97.5 1 0
github.com/sagaxyz/saga-sdk/x/transferrouter/abci/proposal.go:99.4,100.12 2 0
github.com/sagaxyz/saga-sdk/x/transferrouter/abci/proposal.go:100.12,102.5 1 0
github.com/sagaxyz/saga-sdk/x/transferrouter/abci/proposal.go:104.4,105.21 2 0
github.com/sagaxyz/saga-sdk/x/transferrouter/abci/proposal.go:110.3,110.110 1 6
github.com/sagaxyz/saga-sdk/x/transferrouter/abci/proposal.go:110.110,113.18 2 0
github.com/sagaxyz/saga-sdk/x/transferrouter/abci/proposal.go:113.18,115.5 1 0
github.com/sagaxyz/saga-sdk/x/transferrouter/abci/proposal.go:117.4,118.18 2 0
github.com/sagaxyz/saga-sdk/x/transferrouter/abci/proposal.go:118.18,120.5 1 0
github.com/sagaxyz/saga-sdk/x/transferrouter/abci/proposal.go:122.4,122.27 1 0
github.com/sagaxyz/saga-sdk/x/transferrouter/abci/proposal.go:122.27,124.5 1 0
github.com/sagaxyz/saga-sdk/x/transferrouter/abci/proposal.go:126.4,128.12 2 0
github.com/sagaxyz/saga-sdk/x/transferrouter/abci/proposal.go:128.12,130.5 1 0
github.com/sagaxyz/saga-sdk/x/transferrouter/abci/proposal.go:132.4,133.21 2 0
github.com/sagaxyz/saga-sdk/x/transferrouter/abci/proposal.go:136.3,136.17 1 6
github.com/sagaxyz/saga-sdk/x/transferrouter/abci/proposal.go:136.17,139.4 2 0
github.com/sagaxyz/saga-sdk/x/transferrouter/abci/proposal.go:142.3,142.26 1 6
github.com/sagaxyz/saga-sdk/x/transferrouter/abci/proposal.go:142.26,144.4 1 0
github.com/sagaxyz/saga-sdk/x/transferrouter/abci/proposal.go:146.3,146.32 1 6
github.com/sagaxyz/saga-sdk/x/transferrouter/abci/proposal.go:146.32,147.19 1 8
github.com/sagaxyz/saga-sdk/x/transferrouter/abci/proposal.go:147.19,148.13 1 2
github.com/sagaxyz/saga-sdk/x/transferrouter/abci/proposal.go:151.4,152.18 2 6
github.com/sagaxyz/saga-sdk/x/transferrouter/abci/proposal.go:152.18,154.5 1 1
github.com/sagaxyz/saga-sdk/x/transferrouter/abci/proposal.go:156.4,156.17 1 5
github.com/sagaxyz/saga-sdk/x/transferrouter/abci/proposal.go:156.17,157.13 1 1
github.com/sagaxyz/saga-sdk/x/transferrouter/abci/proposal.go:160.4,161.12 2 4
github.com/sagaxyz/saga-sdk/x/transferrouter/abci/proposal.go:161.12,162.10 1 1
github.com/sagaxyz/saga-sdk/x/transferrouter/abci/proposal.go:166.3,166.26 1 5
github.com/sagaxyz/saga-sdk/x/transferrouter/abci/proposal.go:166.26,168.4 1 0
github.com/sagaxyz/saga-sdk/x/transferrouter/abci/proposal.go:170.3,172.25 2 5
github.com/sagaxyz/saga-sdk/x/transferrouter/abci/proposal.go:172.25,174.4 1 0
github.com/sagaxyz/saga-sdk/x/transferrouter/abci/proposal.go:176.3,178.9 1 5
github.com/sagaxyz/saga-sdk/x/transferrouter/abci/proposal.go:184.79,185.104 1 2
github.com/sagaxyz/saga-sdk/x/transferrouter/abci/proposal.go:185.104,189.3 1 4
github.com/sagaxyz/saga-sdk/x/transferrouter/abci/proposal.go:192.189,208.21 3 0
github.com/sagaxyz/saga-sdk/x/transferrouter/abci/proposal.go:208.21,210.3 1 0
github.com/sagaxyz/saga-sdk/x/transferrouter/abci/proposal.go:212.2,215.18 3 0
github.com/sagaxyz/saga-sdk/x/transferrouter/abci/proposal.go:215.18,217.3 1 0
github.com/sagaxyz/saga-sdk/x/transferrouter/abci/proposal.go:219.2,220.16 2 0
github.com/sagaxyz/saga-sdk/x/transferrouter/abci/proposal.go:220.16,222.3 1 0
github.com/sagaxyz/saga-sdk/x/transferrouter/abci/proposal.go:224.2,227.43 3 0
github.com/sagaxyz/saga-sdk/x/transferrouter/abci/proposal.go:227.43,229.3 1 0
github.com/sagaxyz/saga-sdk/x/transferrouter/abci/proposal.go:231.2,232.16 2 0
github.com/sagaxyz/saga-sdk/x/transferrouter/abci/proposal.go:232.16,234.3 1 0
github.com/sagaxyz/saga-sdk/x/transferrouter/abci/proposal.go:237.2,238.16 2 0
github.com/sagaxyz/saga-sdk/x/transferrouter/abci/proposal.go:238.16,240.3 1 0
github.com/sagaxyz/saga-sdk/x/transferrouter/abci/proposal.go:242.2,242.31 1 0
github.com/sagaxyz/saga-sdk/x/transferrouter/keeper/grpc_query.go:18.35,20.2 1 2
github.com/sagaxyz/saga-sdk/x/transferrouter/keeper/grpc_query.go:23.109,26.16 3 2
github.com/sagaxyz/saga-sdk/x/transferrouter/keeper/grpc_query.go:26.16,28.3 1 1
github.com/sagaxyz/saga-sdk/x/transferrouter/keeper/grpc_query.go:29.2,29.56 1 1
github.com/sagaxyz/saga-sdk/x/transferrouter/keeper/keeper.go:98.27,136.16 5 9
github.com/sagaxyz/saga-sdk/x/transferrouter/keeper/keeper.go:136.16,137.13 1 0
github.com/sagaxyz/saga-sdk/x/transferrouter/keeper/keeper.go:140.2,140.10 1 9
github.com/sagaxyz/saga-sdk/x/transferrouter/keeper/keeper.go:144.52,146.2 1 1
github.com/sagaxyz/saga-sdk/x/transferrouter/keeper/keeper.go:150.124,152.2 1 4
github.com/sagaxyz/saga-sdk/x/transferrouter/middlewares/ibc.go:34.79,36.50 1 1
github.com/sagaxyz/saga-sdk/x/transferrouter/middlewares/ibc.go:36.50,37.59 1 0
github.com/sagaxyz/saga-sdk/x/transferrouter/middlewares/ibc.go:40.2,43.3 1 1
github.com/sagaxyz/saga-sdk/x/transferrouter/middlewares/ibc.go:53.9,55.16 2 0
github.com/sagaxyz/saga-sdk/x/transferrouter/middlewares/ibc.go:55.16,57.3 1 0
github.com/sagaxyz/saga-sdk/x/transferrouter/middlewares/ibc.go:59.2,59.93 1 0
github.com/sagaxyz/saga-sdk/x/transferrouter/middlewares/ibc.go:68.9,70.16 2 0
github.com/sagaxyz/saga-sdk/x/transferrouter/middlewares/ibc.go:70.16,72.3 1 0
github.com/sagaxyz/saga-sdk/x/transferrouter/middlewares/ibc.go:73.2,73.68 1 0
github.com/sagaxyz/saga-sdk/x/transferrouter/middlewares/ibc.go:77.154,81.87 3 0
github.com/sagaxyz/saga-sdk/x/transferrouter/middlewares/ibc.go:81.87,84.3 2 0
github.com/sagaxyz/saga-sdk/x/transferrouter/middlewares/ibc.go:87.2,89.39 3 0
github.com/sagaxyz/saga-sdk/x/transferrouter/middlewares/ibc.go:89.39,93.3 2 0
github.com/sagaxyz/saga-sdk/x/transferrouter/middlewares/ibc.go:95.2,96.16 2 0
github.com/sagaxyz/saga-sdk/x/transferrouter/middlewares/ibc.go:96.16,99.3 2 0
github.com/sagaxyz/saga-sdk/x/transferrouter/middlewares/ibc.go:102.2,111.17 4 0
github.com/sagaxyz/saga-sdk/x/transferrouter/middlewares/ibc.go:111.17,113.3 1 0
github.com/sagaxyz/saga-sdk/x/transferrouter/middlewares/ibc.go:117.2,117.16 1 0
github.com/sagaxyz/saga-sdk/x/transferrouter/middlewares/ibc.go:117.16,119.3 1 0
github.com/sagaxyz/saga-sdk/x/transferrouter/middlewares/ibc.go:121.2,121.16 1 0
github.com/sagaxyz/saga-sdk/x/transferrouter/middlewares/ibc.go:121.16,124.17 2 0
github.com/sagaxyz/saga-sdk/x/transferrouter/middlewares/ibc.go:124.17,127.4 2 0
github.com/sagaxyz/saga-sdk/x/transferrouter/middlewares/ibc.go:128.3,137.65 5 0
github.com/sagaxyz/saga-sdk/x/transferrouter/middlewares/ibc.go:137.65,139.4 1 0
github.com/sagaxyz/saga-sdk/x/transferrouter/middlewares/ibc.go:141.3,141.57 1 0
github.com/sagaxyz/saga-sdk/x/transferrouter/middlewares/ibc.go:141.57,144.4 2 0
github.com/sagaxyz/saga-sdk/x/transferrouter/middlewares/ibc.go:146.3,152.36 3 0
github.com/sagaxyz/saga-sdk/x/transferrouter/middlewares/ibc.go:152.36,154.4 1 0
github.com/sagaxyz/saga-sdk/x/transferrouter/middlewares/ibc.go:158.2,164.16 4 0
github.com/sagaxyz/saga-sdk/x/transferrouter/middlewares/ibc.go:164.16,167.3 2 0
github.com/sagaxyz/saga-sdk/x/transferrouter/middlewares/ibc.go:170.2,171.16 2 0
github.com/sagaxyz/saga-sdk/x/transferrouter/middlewares/ibc.go:171.16,174.3 2 0
github.com/sagaxyz/saga-sdk/x/transferrouter/middlewares/ibc.go:176.2,176.12 1 0
github.com/sagaxyz/saga-sdk/x/transferrouter/middlewares/ibc.go:180.99,182.2 1 0
github.com/sagaxyz/saga-sdk/x/transferrouter/middlewares/ibc.go:185.96,187.2 1 0
github.com/sagaxyz/saga-sdk/x/transferrouter/middlewares/ibc.go:190.152,192.2 1 0
github.com/sagaxyz/saga-sdk/x/transferrouter/middlewares/ibc.go:195.98,197.2 1 0
github.com/sagaxyz/saga-sdk/x/transferrouter/middlewares/ibc.go:200.212,202.2 1 0
github.com/sagaxyz/saga-sdk/x/transferrouter/middlewares/ibc.go:205.235,207.2 1 0
github.com/sagaxyz/saga-sdk/x/transferrouter/middlewares/ibc.go:211.137,213.87 2 2
github.com/sagaxyz/saga-sdk/x/transferrouter/middlewares/ibc.go:213.87,223.3 2 0
github.com/sagaxyz/saga-sdk/x/transferrouter/middlewares/ibc.go:226.2,227.16 2 2
github.com/sagaxyz/saga-sdk/x/transferrouter/middlewares/ibc.go:227.16,228.17 1 0
github.com/sagaxyz/saga-sdk/x/transferrouter/middlewares/ibc.go:228.17,230.4 1 0
github.com/sagaxyz/saga-sdk/x/transferrouter/middlewares/ibc.go:233.3,239.17 2 0
github.com/sagaxyz/saga-sdk/x/transferrouter/middlewares/ibc.go:239.17,241.4 1 0
github.com/sagaxyz/saga-sdk/x/transferrouter/middlewares/ibc.go:242.3,242.13 1 0
github.com/sagaxyz/saga-sdk/x/transferrouter/middlewares/ibc.go:244.2,244.12 1 2
github.com/sagaxyz/saga-sdk/x/transferrouter/middlewares/ibc.go:256.9,278.16 5 0
github.com/sagaxyz/saga-sdk/x/transferrouter/middlewares/ibc.go:278.16,280.3 1 0
github.com/sagaxyz/saga-sdk/x/transferrouter/middlewares/ibc.go:282.2,282.20 1 0
github.com/sagaxyz/saga-sdk/x/transferrouter/middlewares/ibc.go:282.20,284.3 1 0
github.com/sagaxyz/saga-sdk/x/transferrouter/middlewares/ibc.go:286.2,286.12 1 0
github.com/sagaxyz/saga-sdk/x/transferrouter/middlewares/ibc.go:291.70,297.2 1 1
github.com/sagaxyz/saga-sdk/x/transferrouter/precompiles/gateway/calldata.go:34.19,49.16 7 7
github.com/sagaxyz/saga-sdk/x/transferrouter/precompiles/gateway/calldata.go:49.16,52.3 2 0
github.com/sagaxyz/saga-sdk/x/transferrouter/precompiles/gateway/calldata.go:55.2,55.101 1 7
github.com/sagaxyz/saga-sdk/x/transferrouter/precompiles/gateway/calldata.go:78.19,81.16 2 7
github.com/sagaxyz/saga-sdk/x/transferrouter/precompiles/gateway/calldata.go:81.16,84.3 2 1
github.com/sagaxyz/saga-sdk/x/transferrouter/precompiles/gateway/calldata.go:85.2,89.9 3 6
github.com/sagaxyz/saga-sdk/x/transferrouter/precompiles/gateway/calldata.go:89.9,92.3 2 1
github.com/sagaxyz/saga-sdk/x/transferrouter/precompiles/gateway/calldata.go:95.2,97.16 3 5
github.com/sagaxyz/saga-sdk/x/transferrouter/precompiles/gateway/calldata.go:97.16,100.3 2 0
github.com/sagaxyz/saga-sdk/x/transferrouter/precompiles/gateway/calldata.go:102.2,102.27 1 5
github.com/sagaxyz/saga-sdk/x/transferrouter/precompiles/gateway/events.go:37.9,51.16 7 0
github.com/sagaxyz/saga-sdk/x/transferrouter/precompiles/gateway/events.go:51.16,53.3 1 0
github.com/sagaxyz/saga-sdk/x/transferrouter/precompiles/gateway/events.go:55.2,62.12 2 0
github.com/sagaxyz/saga-sdk/x/transferrouter/precompiles/gateway/gateway.go:37.13,40.16 3 1
github.com/sagaxyz/saga-sdk/x/transferrouter/precompiles/gateway/gateway.go:40.16,41.13 1 0
github.com/sagaxyz/saga-sdk/x/transferrouter/precompiles/gateway/gateway.go:76.24,93.2 3 0
github.com/sagaxyz/saga-sdk/x/transferrouter/precompiles/gateway/gateway.go:96.54,98.20 1 0
github.com/sagaxyz/saga-sdk/x/transferrouter/precompiles/gateway/gateway.go:98.20,100.3 1 0
github.com/sagaxyz/saga-sdk/x/transferrouter/precompiles/gateway/gateway.go:102.2,105.16 3 0
github.com/sagaxyz/saga-sdk/x/transferrouter/precompiles/gateway/gateway.go:105.16,108.3 1 0
github.com/sagaxyz/saga-sdk/x/transferrouter/precompiles/gateway/gateway.go:110.2,110.65 1 0
github.com/sagaxyz/saga-sdk/x/transferrouter/precompiles/gateway/gateway.go:114.99,116.16 2 0
github.com/sagaxyz/saga-sdk/x/transferrouter/precompiles/gateway/gateway.go:116.16,118.3 1 0
github.com/sagaxyz/saga-sdk/x/transferrouter/precompiles/gateway/gateway.go:122.2,123.21 2 0
github.com/sagaxyz/saga-sdk/x/transferrouter/precompiles/gateway/gateway.go:125.21,126.72 1 0
github.com/sagaxyz/saga-sdk/x/transferrouter/precompiles/gateway/gateway.go:127.32,128.83 1 0
github.com/sagaxyz/saga-sdk/x/transferrouter/precompiles/gateway/gateway.go:129.10,130.60 1 0
github.com/sagaxyz/saga-sdk/x/transferrouter/precompiles/gateway/gateway.go:133.2,133.16 1 0
github.com/sagaxyz/saga-sdk/x/transferrouter/precompiles/gateway/gateway.go:133.16,136.3 2 0
github.com/sagaxyz/saga-sdk/x/transferrouter/precompiles/gateway/gateway.go:138.2,140.75 2 0
github.com/sagaxyz/saga-sdk/x/transferrouter/precompiles/gateway/gateway.go:140.75,142.3 1 0
github.com/sagaxyz/saga-sdk/x/transferrouter/precompiles/gateway/gateway.go:144.2,144.16 1 0
github.com/sagaxyz/saga-sdk/x/transferrouter/precompiles/gateway/gateway.go:155.58,156.21 1 0
github.com/sagaxyz/saga-sdk/x/transferrouter/precompiles/gateway/gateway.go:158.28,159.14 1 0
github.com/sagaxyz/saga-sdk/x/transferrouter/precompiles/gateway/gateway.go:160.10,161.15 1 0
github.com/sagaxyz/saga-sdk/x/transferrouter/precompiles/gateway/tx.go:43.32,45.16 2 0
github.com/sagaxyz/saga-sdk/x/transferrouter/precompiles/gateway/tx.go:45.16,47.3 1 0
github.com/sagaxyz/saga-sdk/x/transferrouter/precompiles/gateway/tx.go:49.2,58.15 5 0
github.com/sagaxyz/saga-sdk/x/transferrouter/precompiles/gateway/tx.go:58.15,60.20 2 0
github.com/sagaxyz/saga-sdk/x/transferrouter/precompiles/gateway/tx.go:60.20,63.4 1 0
github.com/sagaxyz/saga-sdk/x/transferrouter/precompiles/gateway/tx.go:66.3,70.14 3 0
github.com/sagaxyz/saga-sdk/x/transferrouter/precompiles/gateway/tx.go:70.14,72.4 1 0
github.com/sagaxyz/saga-sdk/x/transferrouter/precompiles/gateway/tx.go:72.9,74.4 1 0
github.com/sagaxyz/saga-sdk/x/transferrouter/precompiles/gateway/tx.go:79.3,80.17 2 0
github.com/sagaxyz/saga-sdk/x/transferrouter/precompiles/gateway/tx.go:80.17,84.4 3 0
github.com/sagaxyz/saga-sdk/x/transferrouter/precompiles/gateway/tx.go:85.3,85.97 1 0
github.com/sagaxyz/saga-sdk/x/transferrouter/precompiles/gateway/tx.go:89.2,89.88 1 0
github.com/sagaxyz/saga-sdk/x/transferrouter/precompiles/gateway/tx.go:89.88,92.3 2 0
github.com/sagaxyz/saga-sdk/x/transferrouter/precompiles/gateway/tx.go:98.2,106.12 5 0
github.com/sagaxyz/saga-sdk/x/transferrouter/precompiles/gateway/tx.go:106.12,109.3 2 0
github.com/sagaxyz/saga-sdk/x/transferrouter/precompiles/gateway/tx.go:111.2,118.16 3 0
github.com/sagaxyz/saga-sdk/x/transferrouter/precompiles/gateway/tx.go:118.16,120.17 2 0
github.com/sagaxyz/saga-sdk/x/transferrouter/precompiles/gateway/tx.go:120.17,124.4 3 0
github.com/sagaxyz/saga-sdk/x/transferrouter/precompiles/gateway/tx.go:125.3,128.15 3 0
github.com/sagaxyz/saga-sdk/x/transferrouter/precompiles/gateway/tx.go:129.8,132.3 2 0
github.com/sagaxyz/saga-sdk/x/transferrouter/precompiles/gateway/tx.go:136.2,136.170 1 0
github.com/sagaxyz/saga-sdk/x/transferrouter/precompiles/gateway/tx.go:136.170,139.3 2 0
github.com/sagaxyz/saga-sdk/x/transferrouter/precompiles/gateway/tx.go:141.2,141.16 1 0
github.com/sagaxyz/saga-sdk/x/transferrouter/precompiles/gateway/tx.go:141.16,144.3 2 0
github.com/sagaxyz/saga-sdk/x/transferrouter/precompiles/gateway/tx.go:146.2,146.27 1 0
github.com/sagaxyz/saga-sdk/x/transferrouter/precompiles/gateway/tx.go:146.27,148.3 1 0
github.com/sagaxyz/saga-sdk/x/transferrouter/precompiles/gateway/tx.go:150.2,150.22 1 0
github.com/sagaxyz/saga-sdk/x/transferrouter/precompiles/gateway/tx.go:154.83,158.116 3 0
github.com/sagaxyz/saga-sdk/x/transferrouter/precompiles/gateway/tx.go:158.116,162.3 3 0
github.com/sagaxyz/saga-sdk/x/transferrouter/precompiles/gateway/tx.go:162.17,164.3 1 0
github.com/sagaxyz/saga-sdk/x/transferrouter/precompiles/gateway/tx.go:167.2,168.16 2 0
github.com/sagaxyz/saga-sdk/x/transferrouter/precompiles/gateway/tx.go:168.16,170.3 1 0
github.com/sagaxyz/saga-sdk/x/transferrouter/precompiles/gateway/tx.go:172.2,172.20 1 0
github.com/sagaxyz/saga-sdk/x/transferrouter/precompiles/gateway/tx.go:175.264,177.16 2 0
github.com/sagaxyz/saga-sdk/x/transferrouter/precompiles/gateway/tx.go:177.16,180.3 2 0
github.com/sagaxyz/saga-sdk/x/transferrouter/precompiles/gateway/tx.go:184.2,190.16 5 0
github.com/sagaxyz/saga-sdk/x/transferrouter/precompiles/gateway/tx.go:190.16,193.3 2 0
github.com/sagaxyz/saga-sdk/x/transferrouter/precompiles/gateway/tx.go:195.2,199.33 3 0
github.com/sagaxyz/saga-sdk/x/transferrouter/precompiles/gateway/tx.go:199.33,202.3 2 0
github.com/sagaxyz/saga-sdk/x/transferrouter/precompiles/gateway/tx.go:204.2,204.26 1 0
github.com/sagaxyz/saga-sdk/x/transferrouter/precompiles/gateway/tx.go:208.279,218.9 6 0
github.com/sagaxyz/saga-sdk/x/transferrouter/precompiles/gateway/tx.go:218.9,220.3 1 0
github.com/sagaxyz/saga-sdk/x/transferrouter/precompiles/gateway/tx.go:222.2,231.16 4 0
github.com/sagaxyz/saga-sdk/x/transferrouter/precompiles/gateway/tx.go:231.16,234.3 2 0
github.com/sagaxyz/saga-sdk/x/transferrouter/precompiles/gateway/tx.go:237.2,243.72 5 0
github.com/sagaxyz/saga-sdk/x/transferrouter/precompiles/gateway/tx.go:243.72,246.3 2 0
github.com/sagaxyz/saga-sdk/x/transferrouter/precompiles/gateway/tx.go:248.2,250.16 3 0
github.com/sagaxyz/saga-sdk/x/transferrouter/precompiles/gateway/tx.go:250.16,252.3 1 0
github.com/sagaxyz/saga-sdk/x/transferrouter/precompiles/gateway/tx.go:254.2,254.21 1 0
github.com/sagaxyz/saga-sdk/x/transferrouter/precompiles/gateway/tx.go:254.21,256.3 1 0
github.com/sagaxyz/saga-sdk/x/transferrouter/precompiles/gateway/tx.go:258.2,260.16 3 0
github.com/sagaxyz/saga-sdk/x/transferrouter/precompiles/gateway/tx.go:260.16,262.3 1 0
github.com/sagaxyz/saga-sdk/x/transferrouter/precompiles/gateway/tx.go:265.2,269.33 3 0
github.com/sagaxyz/saga-sdk/x/transferrouter/precompiles/gateway/tx.go:269.33,271.3 1 0
github.com/sagaxyz/saga-sdk/x/transferrouter/precompiles/gateway/tx.go:278.2,280.50 2 0
github.com/sagaxyz/saga-sdk/x/transferrouter/precompiles/gateway/tx.go:280.50,284.3 2 0
github.com/sagaxyz/saga-sdk/x/transferrouter/precompiles/gateway/tx.go:285.2,287.23 2 0
github.com/sagaxyz/saga-sdk/x/transferrouter/precompiles/gateway/tx.go:297.32,300.16 2 0
github.com/sagaxyz/saga-sdk/x/transferrouter/precompiles/gateway/tx.go:300.16,302.3 1 0
github.com/sagaxyz/saga-sdk/x/transferrouter/precompiles/gateway/tx.go:305.2,312.16 5 0
github.com/sagaxyz/saga-sdk/x/transferrouter/precompiles/gateway/tx.go:312.16,314.3 1 0
github.com/sagaxyz/saga-sdk/x/transferrouter/precompiles/gateway/tx.go:316.2,320.31 3 0
github.com/sagaxyz/saga-sdk/x/transferrouter/precompiles/gateway/tx.go:320.31,322.17 2 0
github.com/sagaxyz/saga-sdk/x/transferrouter/precompiles/gateway/tx.go:322.17,324.4 1 0
github.com/sagaxyz/saga-sdk/x/transferrouter/precompiles/gateway/tx.go:325.8,327.17 2 0
github.com/sagaxyz/saga-sdk/x/transferrouter/precompiles/gateway/tx.go:327.17,329.4 1 0
github.com/sagaxyz/saga-sdk/x/transferrouter/precompiles/gateway/tx.go:332.2,337.19 4 0
github.com/sagaxyz/saga-sdk/x/transferrouter/precompiles/gateway/tx.go:337.19,339.3 1 0
github.com/sagaxyz/saga-sdk/x/transferrouter/precompiles/gateway/tx.go:339.8,341.3 1 0
github.com/sagaxyz/saga-sdk/x/transferrouter/precompiles/gateway/tx.go:344.2,344.179 1 0
github.com/sagaxyz/saga-sdk/x/transferrouter/precompiles/gateway/tx.go:344.179,346.3 1 0
github.com/sagaxyz/saga-sdk/x/transferrouter/precompiles/gateway/tx.go:349.2,349.36 1 0
github.com/sagaxyz/saga-sdk/x/transferrouter/precompiles/gateway/tx.go:349.36,351.28 2 0
github.com/sagaxyz/saga-sdk/x/transferrouter/precompiles/gateway/tx.go:351.28,353.4 1 0
github.com/sagaxyz/saga-sdk/x/transferrouter/precompiles/gateway/tx.go:355.2,357.17 2 0
github.com/sagaxyz/saga-sdk/x/transferrouter/precompiles/gateway/tx.go:365.40,367.98 2 0
github.com/sagaxyz/saga-sdk/x/transferrouter/precompiles/gateway/tx.go:367.98,369.3 1 0
github.com/sagaxyz/saga-sdk/x/transferrouter/precompiles/gateway/tx.go:370.2,371.16 2 0
github.com/sagaxyz/saga-sdk/x/transferrouter/precompiles/gateway/tx.go:371.16,372.17 1 0
github.com/sagaxyz/saga-sdk/x/transferrouter/precompiles/gateway/tx.go:372.17,374.4 1 0
github.com/sagaxyz/saga-sdk/x/transferrouter/precompiles/gateway/tx.go:376.3,376.22 1 0
github.com/sagaxyz/saga-sdk/x/transferrouter/precompiles/gateway/tx.go:378.2,378.59 1 0
github.com/sagaxyz/saga-sdk/x/transferrouter/precompiles/gateway/tx.go:381.88,388.121 3 0
github.com/sagaxyz/saga-sdk/x/transferrouter/precompiles/gateway/tx.go:388.121,393.3 4 0
github.com/sagaxyz/saga-sdk/x/transferrouter/precompiles/gateway/tx.go:393.17,395.3 1 0
github.com/sagaxyz/saga-sdk/x/transferrouter/precompiles/gateway/tx.go:398.2,399.16 2 0
github.com/sagaxyz/saga-sdk/x/transferrouter/precompiles/gateway/tx.go:399.16,401.3 1 0
github.com/sagaxyz/saga-sdk/x/transferrouter/precompiles/gateway/tx.go:402.2,402.20 1 0
github.com/sagaxyz/saga-sdk/x/transferrouter/utils/chain_id.go:32.42,33.23 1 0
github.com/sagaxyz/saga-sdk/x/transferrouter/utils/chain_id.go:33.23,35.3 1 0
github.com/sagaxyz/saga-sdk/x/transferrouter/utils/chain_id.go:37.2,37.42 1 0
github.com/sagaxyz/saga-sdk/x/transferrouter/utils/chain_id.go:42.53,44.23 2 0
github.com/sagaxyz/saga-sdk/x/transferrouter/utils/chain_id.go:44.23,46.3 1 0
github.com/sagaxyz/saga-sdk/x/transferrouter/utils/chain_id.go:48.2,49.61 2 0
github.com/sagaxyz/saga-sdk/x/transferrouter/utils/chain_id.go:49.61,51.3 1 0
github.com/sagaxyz/saga-sdk/x/transferrouter/utils/chain_id.go:54.2,55.9 2 0
github.com/sagaxyz/saga-sdk/x/transferrouter/utils/chain_id.go:55.9,57.3 1 0
github.com/sagaxyz/saga-sdk/x/transferrouter/utils/chain_id.go:59.2,59.24 1 0
github.com/sagaxyz/saga-sdk/x/transferrouter/utils/isolatedaddr.go:12.78,14.2 1 1
